{"/Users/guilherme.santos01/Desktop/reactCheckpoint/src/app.tsx": {"path":"/Users/guilherme.santos01/Desktop/reactCheckpoint/src/app.tsx","statementMap":{"0":{"start":{"line":12,"column":2},"end":{"line":25,"column":4}}},"fnMap":{"0":{"name":"App","decl":{"start":{"line":11,"column":9},"end":{"line":11,"column":12}},"loc":{"start":{"line":11,"column":15},"end":{"line":26,"column":1}},"line":11}},"branchMap":{},"s":{"0":0},"f":{"0":0},"b":{}}
,"/Users/guilherme.santos01/Desktop/reactCheckpoint/src/components/bestSellers/bestSellers.tsx": {"path":"/Users/guilherme.santos01/Desktop/reactCheckpoint/src/components/bestSellers/bestSellers.tsx","statementMap":{"0":{"start":{"line":9,"column":30},"end":{"line":110,"column":3}},"1":{"start":{"line":10,"column":38},"end":{"line":10,"column":61}},"2":{"start":{"line":11,"column":30},"end":{"line":11,"column":44}},"3":{"start":{"line":12,"column":26},"end":{"line":12,"column":55}},"4":{"start":{"line":13,"column":50},"end":{"line":13,"column":63}},"5":{"start":{"line":14,"column":46},"end":{"line":14,"column":76}},"6":{"start":{"line":18,"column":0},"end":{"line":46,"column":21}},"7":{"start":{"line":19,"column":27},"end":{"line":43,"column":3}},"8":{"start":{"line":20,"column":4},"end":{"line":42,"column":5}},"9":{"start":{"line":21,"column":23},"end":{"line":21,"column":55}},"10":{"start":{"line":22,"column":6},"end":{"line":24,"column":7}},"11":{"start":{"line":23,"column":8},"end":{"line":23,"column":66}},"12":{"start":{"line":25,"column":19},"end":{"line":25,"column":40}},"13":{"start":{"line":28,"column":29},"end":{"line":28,"column":61}},"14":{"start":{"line":29,"column":40},"end":{"line":29,"column":88}},"15":{"start":{"line":30,"column":29},"end":{"line":33,"column":8}},"16":{"start":{"line":31,"column":29},"end":{"line":31,"column":74}},"17":{"start":{"line":31,"column":54},"end":{"line":31,"column":73}},"18":{"start":{"line":32,"column":8},"end":{"line":32,"column":124}},"19":{"start":{"line":35,"column":6},"end":{"line":35,"column":71}},"20":{"start":{"line":36,"column":6},"end":{"line":36,"column":37}},"21":{"start":{"line":38,"column":6},"end":{"line":38,"column":59}},"22":{"start":{"line":39,"column":6},"end":{"line":39,"column":47}},"23":{"start":{"line":41,"column":6},"end":{"line":41,"column":24}},"24":{"start":{"line":45,"column":2},"end":{"line":45,"column":21}},"25":{"start":{"line":48,"column":27},"end":{"line":50,"column":1}},"26":{"start":{"line":49,"column":2},"end":{"line":49,"column":30}},"27":{"start":{"line":52,"column":29},"end":{"line":73,"column":1}},"28":{"start":{"line":53,"column":2},"end":{"line":53,"column":22}},"29":{"start":{"line":55,"column":25},"end":{"line":55,"column":57}},"30":{"start":{"line":56,"column":34},"end":{"line":56,"column":82}},"31":{"start":{"line":58,"column":23},"end":{"line":58,"column":72}},"32":{"start":{"line":58,"column":53},"end":{"line":58,"column":71}},"33":{"start":{"line":60,"column":2},"end":{"line":72,"column":3}},"34":{"start":{"line":61,"column":4},"end":{"line":61,"column":91}},"35":{"start":{"line":63,"column":4},"end":{"line":63,"column":69}},"36":{"start":{"line":66,"column":31},"end":{"line":66,"column":57}},"37":{"start":{"line":67,"column":4},"end":{"line":67,"column":39}},"38":{"start":{"line":69,"column":4},"end":{"line":69,"column":28}},"39":{"start":{"line":71,"column":4},"end":{"line":71,"column":76}},"40":{"start":{"line":76,"column":0},"end":{"line":82,"column":1}},"41":{"start":{"line":77,"column":2},"end":{"line":81,"column":4}},"42":{"start":{"line":84,"column":0},"end":{"line":86,"column":1}},"43":{"start":{"line":85,"column":2},"end":{"line":85,"column":53}},"44":{"start":{"line":88,"column":0},"end":{"line":109,"column":4}},"45":{"start":{"line":93,"column":10},"end":{"line":100,"column":12}},"46":{"start":{"line":105,"column":21},"end":{"line":105,"column":45}}},"fnMap":{"0":{"name":"(anonymous_0)","decl":{"start":{"line":9,"column":30},"end":{"line":9,"column":31}},"loc":{"start":{"line":9,"column":36},"end":{"line":110,"column":3}},"line":9},"1":{"name":"(anonymous_1)","decl":{"start":{"line":18,"column":10},"end":{"line":18,"column":11}},"loc":{"start":{"line":18,"column":16},"end":{"line":46,"column":1}},"line":18},"2":{"name":"(anonymous_2)","decl":{"start":{"line":19,"column":27},"end":{"line":19,"column":28}},"loc":{"start":{"line":19,"column":39},"end":{"line":43,"column":3}},"line":19},"3":{"name":"(anonymous_3)","decl":{"start":{"line":30,"column":38},"end":{"line":30,"column":39}},"loc":{"start":{"line":30,"column":49},"end":{"line":33,"column":7}},"line":30},"4":{"name":"(anonymous_4)","decl":{"start":{"line":31,"column":49},"end":{"line":31,"column":50}},"loc":{"start":{"line":31,"column":54},"end":{"line":31,"column":73}},"line":31},"5":{"name":"(anonymous_5)","decl":{"start":{"line":48,"column":27},"end":{"line":48,"column":28}},"loc":{"start":{"line":48,"column":49},"end":{"line":50,"column":1}},"line":48},"6":{"name":"(anonymous_6)","decl":{"start":{"line":52,"column":29},"end":{"line":52,"column":30}},"loc":{"start":{"line":52,"column":73},"end":{"line":73,"column":1}},"line":52},"7":{"name":"(anonymous_7)","decl":{"start":{"line":58,"column":48},"end":{"line":58,"column":49}},"loc":{"start":{"line":58,"column":53},"end":{"line":58,"column":71}},"line":58},"8":{"name":"(anonymous_8)","decl":{"start":{"line":92,"column":25},"end":{"line":92,"column":26}},"loc":{"start":{"line":93,"column":10},"end":{"line":100,"column":12}},"line":93},"9":{"name":"(anonymous_9)","decl":{"start":{"line":105,"column":15},"end":{"line":105,"column":16}},"loc":{"start":{"line":105,"column":21},"end":{"line":105,"column":45}},"line":105}},"branchMap":{"0":{"loc":{"start":{"line":22,"column":6},"end":{"line":24,"column":7}},"type":"if","locations":[{"start":{"line":22,"column":6},"end":{"line":24,"column":7}},{"start":{},"end":{}}],"line":22},"1":{"loc":{"start":{"line":29,"column":40},"end":{"line":29,"column":88}},"type":"cond-expr","locations":[{"start":{"line":29,"column":57},"end":{"line":29,"column":83}},{"start":{"line":29,"column":86},"end":{"line":29,"column":88}}],"line":29},"2":{"loc":{"start":{"line":32,"column":15},"end":{"line":32,"column":123}},"type":"cond-expr","locations":[{"start":{"line":32,"column":30},"end":{"line":32,"column":85}},{"start":{"line":32,"column":88},"end":{"line":32,"column":123}}],"line":32},"3":{"loc":{"start":{"line":56,"column":34},"end":{"line":56,"column":82}},"type":"cond-expr","locations":[{"start":{"line":56,"column":51},"end":{"line":56,"column":77}},{"start":{"line":56,"column":80},"end":{"line":56,"column":82}}],"line":56},"4":{"loc":{"start":{"line":60,"column":2},"end":{"line":72,"column":3}},"type":"if","locations":[{"start":{"line":60,"column":2},"end":{"line":72,"column":3}},{"start":{"line":70,"column":9},"end":{"line":72,"column":3}}],"line":60},"5":{"loc":{"start":{"line":76,"column":0},"end":{"line":82,"column":1}},"type":"if","locations":[{"start":{"line":76,"column":0},"end":{"line":82,"column":1}},{"start":{},"end":{}}],"line":76},"6":{"loc":{"start":{"line":84,"column":0},"end":{"line":86,"column":1}},"type":"if","locations":[{"start":{"line":84,"column":0},"end":{"line":86,"column":1}},{"start":{},"end":{}}],"line":84}},"s":{"0":1,"1":25,"2":24,"3":24,"4":24,"5":24,"6":24,"7":12,"8":12,"9":12,"10":10,"11":1,"12":7,"13":7,"14":7,"15":7,"16":21,"17":6,"18":21,"19":7,"20":7,"21":4,"22":4,"23":11,"24":12,"25":24,"26":2,"27":24,"28":2,"29":2,"30":2,"31":2,"32":2,"33":2,"34":2,"35":2,"36":2,"37":2,"38":2,"39":0,"40":24,"41":10,"42":14,"43":2,"44":12,"45":36,"46":1},"f":{"0":25,"1":12,"2":12,"3":21,"4":6,"5":2,"6":2,"7":2,"8":36,"9":1},"b":{"0":[1,7],"1":[1,6],"2":[3,18],"3":[2,0],"4":[2,0],"5":[10,14],"6":[2,12]},"_coverageSchema":"1a1c01bbd47fc00a2c39e90264f33305004495a9","hash":"de1c08ca34fe7ed8dbbd8c6f10e8a3b28375f611"}
,"/Users/guilherme.santos01/Desktop/reactCheckpoint/src/components/cartModal/cartModal.tsx": {"path":"/Users/guilherme.santos01/Desktop/reactCheckpoint/src/components/cartModal/cartModal.tsx","statementMap":{"0":{"start":{"line":12,"column":44},"end":{"line":94,"column":1}},"1":{"start":{"line":19,"column":4},"end":{"line":19,"column":13}},"2":{"start":{"line":21,"column":0},"end":{"line":21,"column":25}},"3":{"start":{"line":21,"column":13},"end":{"line":21,"column":25}},"4":{"start":{"line":23,"column":0},"end":{"line":93,"column":2}},"5":{"start":{"line":39,"column":14},"end":{"line":69,"column":20}},"6":{"start":{"line":47,"column":35},"end":{"line":47,"column":77}},"7":{"start":{"line":55,"column":35},"end":{"line":55,"column":77}},"8":{"start":{"line":63,"column":33},"end":{"line":63,"column":56}}},"fnMap":{"0":{"name":"(anonymous_0)","decl":{"start":{"line":12,"column":44},"end":{"line":12,"column":45}},"loc":{"start":{"line":12,"column":69},"end":{"line":94,"column":1}},"line":12},"1":{"name":"(anonymous_1)","decl":{"start":{"line":38,"column":27},"end":{"line":38,"column":28}},"loc":{"start":{"line":39,"column":14},"end":{"line":69,"column":20}},"line":39},"2":{"name":"(anonymous_2)","decl":{"start":{"line":47,"column":29},"end":{"line":47,"column":30}},"loc":{"start":{"line":47,"column":35},"end":{"line":47,"column":77}},"line":47},"3":{"name":"(anonymous_3)","decl":{"start":{"line":55,"column":29},"end":{"line":55,"column":30}},"loc":{"start":{"line":55,"column":35},"end":{"line":55,"column":77}},"line":55},"4":{"name":"(anonymous_4)","decl":{"start":{"line":63,"column":27},"end":{"line":63,"column":28}},"loc":{"start":{"line":63,"column":33},"end":{"line":63,"column":56}},"line":63}},"branchMap":{"0":{"loc":{"start":{"line":21,"column":0},"end":{"line":21,"column":25}},"type":"if","locations":[{"start":{"line":21,"column":0},"end":{"line":21,"column":25}},{"start":{},"end":{}}],"line":21},"1":{"loc":{"start":{"line":33,"column":7},"end":{"line":90,"column":7}},"type":"cond-expr","locations":[{"start":{"line":34,"column":8},"end":{"line":34,"column":62}},{"start":{"line":36,"column":8},"end":{"line":89,"column":11}}],"line":33}},"s":{"0":1,"1":10,"2":10,"3":2,"4":8,"5":5,"6":1,"7":1,"8":1},"f":{"0":10,"1":5,"2":1,"3":1,"4":1},"b":{"0":[2,8],"1":[3,5]},"_coverageSchema":"1a1c01bbd47fc00a2c39e90264f33305004495a9","hash":"d98e6bb9c0122b0096b744156736d97342c1ec1e"}
,"/Users/guilherme.santos01/Desktop/reactCheckpoint/src/components/navbar/navbar.tsx": {"path":"/Users/guilherme.santos01/Desktop/reactCheckpoint/src/components/navbar/navbar.tsx","statementMap":{"0":{"start":{"line":10,"column":25},"end":{"line":111,"column":1}},"1":{"start":{"line":11,"column":46},"end":{"line":11,"column":61}},"2":{"start":{"line":12,"column":38},"end":{"line":12,"column":53}},"3":{"start":{"line":13,"column":24},"end":{"line":13,"column":33}},"4":{"start":{"line":15,"column":21},"end":{"line":15,"column":76}},"5":{"start":{"line":15,"column":53},"end":{"line":15,"column":72}},"6":{"start":{"line":17,"column":2},"end":{"line":110,"column":4}},"7":{"start":{"line":56,"column":27},"end":{"line":56,"column":50}},"8":{"start":{"line":70,"column":27},"end":{"line":70,"column":46}},"9":{"start":{"line":103,"column":52},"end":{"line":103,"column":72}},"10":{"start":{"line":107,"column":23},"end":{"line":107,"column":47}}},"fnMap":{"0":{"name":"(anonymous_0)","decl":{"start":{"line":10,"column":25},"end":{"line":10,"column":26}},"loc":{"start":{"line":10,"column":31},"end":{"line":111,"column":1}},"line":10},"1":{"name":"(anonymous_1)","decl":{"start":{"line":15,"column":38},"end":{"line":15,"column":39}},"loc":{"start":{"line":15,"column":53},"end":{"line":15,"column":72}},"line":15},"2":{"name":"(anonymous_2)","decl":{"start":{"line":56,"column":21},"end":{"line":56,"column":22}},"loc":{"start":{"line":56,"column":27},"end":{"line":56,"column":50}},"line":56},"3":{"name":"(anonymous_3)","decl":{"start":{"line":70,"column":21},"end":{"line":70,"column":22}},"loc":{"start":{"line":70,"column":27},"end":{"line":70,"column":46}},"line":70},"4":{"name":"(anonymous_4)","decl":{"start":{"line":103,"column":46},"end":{"line":103,"column":47}},"loc":{"start":{"line":103,"column":52},"end":{"line":103,"column":72}},"line":103},"5":{"name":"(anonymous_5)","decl":{"start":{"line":107,"column":17},"end":{"line":107,"column":18}},"loc":{"start":{"line":107,"column":23},"end":{"line":107,"column":47}},"line":107}},"branchMap":{"0":{"loc":{"start":{"line":80,"column":15},"end":{"line":97,"column":15}},"type":"cond-expr","locations":[{"start":{"line":81,"column":16},"end":{"line":88,"column":23}},{"start":{"line":90,"column":16},"end":{"line":96,"column":23}}],"line":80}},"s":{"0":1,"1":20,"2":20,"3":20,"4":20,"5":3,"6":20,"7":3,"8":3,"9":0,"10":0},"f":{"0":20,"1":3,"2":3,"3":3,"4":0,"5":0},"b":{"0":[3,17]},"_coverageSchema":"1a1c01bbd47fc00a2c39e90264f33305004495a9","hash":"f9b37945fd50f593b8496b15143d3c902c2890e4"}
,"/Users/guilherme.santos01/Desktop/reactCheckpoint/src/components/productCard/productCard.tsx": {"path":"/Users/guilherme.santos01/Desktop/reactCheckpoint/src/components/productCard/productCard.tsx","statementMap":{"0":{"start":{"line":17,"column":48},"end":{"line":83,"column":3}},"1":{"start":{"line":23,"column":24},"end":{"line":23,"column":33}},"2":{"start":{"line":25,"column":26},"end":{"line":29,"column":3}},"3":{"start":{"line":26,"column":4},"end":{"line":26,"column":24}},"4":{"start":{"line":27,"column":4},"end":{"line":27,"column":23}},"5":{"start":{"line":31,"column":2},"end":{"line":82,"column":4}},"6":{"start":{"line":34,"column":21},"end":{"line":34,"column":44}},"7":{"start":{"line":50,"column":26},"end":{"line":50,"column":57}}},"fnMap":{"0":{"name":"(anonymous_0)","decl":{"start":{"line":17,"column":48},"end":{"line":17,"column":49}},"loc":{"start":{"line":22,"column":8},"end":{"line":83,"column":3}},"line":22},"1":{"name":"(anonymous_1)","decl":{"start":{"line":25,"column":26},"end":{"line":25,"column":27}},"loc":{"start":{"line":25,"column":51},"end":{"line":29,"column":3}},"line":25},"2":{"name":"(anonymous_2)","decl":{"start":{"line":34,"column":15},"end":{"line":34,"column":16}},"loc":{"start":{"line":34,"column":21},"end":{"line":34,"column":44}},"line":34},"3":{"name":"(anonymous_3)","decl":{"start":{"line":50,"column":19},"end":{"line":50,"column":20}},"loc":{"start":{"line":50,"column":26},"end":{"line":50,"column":57}},"line":50}},"branchMap":{"0":{"loc":{"start":{"line":44,"column":19},"end":{"line":44,"column":49}},"type":"cond-expr","locations":[{"start":{"line":44,"column":33},"end":{"line":44,"column":40}},{"start":{"line":44,"column":43},"end":{"line":44,"column":49}}],"line":44},"1":{"loc":{"start":{"line":52,"column":12},"end":{"line":54,"column":33}},"type":"cond-expr","locations":[{"start":{"line":53,"column":16},"end":{"line":53,"column":38}},{"start":{"line":54,"column":16},"end":{"line":54,"column":33}}],"line":52},"2":{"loc":{"start":{"line":58,"column":18},"end":{"line":58,"column":70}},"type":"cond-expr","locations":[{"start":{"line":58,"column":41},"end":{"line":58,"column":53}},{"start":{"line":58,"column":56},"end":{"line":58,"column":70}}],"line":58},"3":{"loc":{"start":{"line":60,"column":14},"end":{"line":60,"column":59}},"type":"cond-expr","locations":[{"start":{"line":60,"column":37},"end":{"line":60,"column":54}},{"start":{"line":60,"column":57},"end":{"line":60,"column":59}}],"line":60}},"s":{"0":1,"1":12,"2":12,"3":2,"4":2,"5":12,"6":2,"7":1},"f":{"0":12,"1":2,"2":2,"3":1},"b":{"0":[11,1],"1":[1,11],"2":[1,11],"3":[1,11]},"_coverageSchema":"1a1c01bbd47fc00a2c39e90264f33305004495a9","hash":"515d04fdad3879eca1f1b90089070ecf5c30d0c8"}
,"/Users/guilherme.santos01/Desktop/reactCheckpoint/src/components/productModal/productModal.tsx": {"path":"/Users/guilherme.santos01/Desktop/reactCheckpoint/src/components/productModal/productModal.tsx","statementMap":{"0":{"start":{"line":14,"column":50},"end":{"line":69,"column":1}},"1":{"start":{"line":19,"column":24},"end":{"line":19,"column":33}},"2":{"start":{"line":21,"column":2},"end":{"line":21,"column":28}},"3":{"start":{"line":21,"column":16},"end":{"line":21,"column":28}},"4":{"start":{"line":23,"column":26},"end":{"line":27,"column":3}},"5":{"start":{"line":24,"column":4},"end":{"line":26,"column":5}},"6":{"start":{"line":25,"column":6},"end":{"line":25,"column":25}},"7":{"start":{"line":29,"column":2},"end":{"line":68,"column":4}}},"fnMap":{"0":{"name":"(anonymous_0)","decl":{"start":{"line":14,"column":50},"end":{"line":14,"column":51}},"loc":{"start":{"line":18,"column":6},"end":{"line":69,"column":1}},"line":18},"1":{"name":"(anonymous_1)","decl":{"start":{"line":23,"column":26},"end":{"line":23,"column":27}},"loc":{"start":{"line":23,"column":32},"end":{"line":27,"column":3}},"line":23}},"branchMap":{"0":{"loc":{"start":{"line":21,"column":2},"end":{"line":21,"column":28}},"type":"if","locations":[{"start":{"line":21,"column":2},"end":{"line":21,"column":28}},{"start":{},"end":{}}],"line":21},"1":{"loc":{"start":{"line":24,"column":4},"end":{"line":26,"column":5}},"type":"if","locations":[{"start":{"line":24,"column":4},"end":{"line":26,"column":5}},{"start":{},"end":{}}],"line":24}},"s":{"0":1,"1":12,"2":12,"3":1,"4":11,"5":1,"6":1,"7":11},"f":{"0":12,"1":1},"b":{"0":[1,11],"1":[1,0]},"_coverageSchema":"1a1c01bbd47fc00a2c39e90264f33305004495a9","hash":"4ec185e3553ee45b52ec62876118ac6c1738ace4"}
,"/Users/guilherme.santos01/Desktop/reactCheckpoint/src/components/wishlistModal/wishlist.tsx": {"path":"/Users/guilherme.santos01/Desktop/reactCheckpoint/src/components/wishlistModal/wishlist.tsx","statementMap":{"0":{"start":{"line":14,"column":52},"end":{"line":129,"column":1}},"1":{"start":{"line":15,"column":54},"end":{"line":15,"column":77}},"2":{"start":{"line":16,"column":36},"end":{"line":16,"column":49}},"3":{"start":{"line":17,"column":24},"end":{"line":17,"column":33}},"4":{"start":{"line":20,"column":2},"end":{"line":24,"column":15}},"5":{"start":{"line":21,"column":4},"end":{"line":23,"column":5}},"6":{"start":{"line":22,"column":6},"end":{"line":22,"column":28}},"7":{"start":{"line":26,"column":30},"end":{"line":40,"column":3}},"8":{"start":{"line":27,"column":4},"end":{"line":39,"column":5}},"9":{"start":{"line":28,"column":23},"end":{"line":28,"column":55}},"10":{"start":{"line":29,"column":6},"end":{"line":35,"column":7}},"11":{"start":{"line":30,"column":42},"end":{"line":30,"column":62}},"12":{"start":{"line":31,"column":27},"end":{"line":33,"column":9}},"13":{"start":{"line":32,"column":23},"end":{"line":32,"column":43}},"14":{"start":{"line":34,"column":8},"end":{"line":34,"column":42}},"15":{"start":{"line":37,"column":6},"end":{"line":37,"column":60}},"16":{"start":{"line":38,"column":6},"end":{"line":38,"column":32}},"17":{"start":{"line":42,"column":29},"end":{"line":60,"column":3}},"18":{"start":{"line":44,"column":4},"end":{"line":46,"column":6}},"19":{"start":{"line":45,"column":6},"end":{"line":45,"column":59}},"20":{"start":{"line":45,"column":34},"end":{"line":45,"column":58}},"21":{"start":{"line":49,"column":21},"end":{"line":49,"column":53}},"22":{"start":{"line":50,"column":4},"end":{"line":56,"column":5}},"23":{"start":{"line":51,"column":40},"end":{"line":51,"column":60}},"24":{"start":{"line":52,"column":30},"end":{"line":54,"column":7}},"25":{"start":{"line":53,"column":8},"end":{"line":53,"column":80}},"26":{"start":{"line":55,"column":6},"end":{"line":55,"column":72}},"27":{"start":{"line":59,"column":4},"end":{"line":59,"column":28}},"28":{"start":{"line":62,"column":26},"end":{"line":65,"column":3}},"29":{"start":{"line":63,"column":4},"end":{"line":63,"column":24}},"30":{"start":{"line":64,"column":4},"end":{"line":64,"column":23}},"31":{"start":{"line":67,"column":2},"end":{"line":67,"column":27}},"32":{"start":{"line":67,"column":15},"end":{"line":67,"column":27}},"33":{"start":{"line":69,"column":2},"end":{"line":128,"column":4}},"34":{"start":{"line":92,"column":16},"end":{"line":121,"column":22}},"35":{"start":{"line":101,"column":37},"end":{"line":101,"column":67}},"36":{"start":{"line":115,"column":38},"end":{"line":115,"column":65}}},"fnMap":{"0":{"name":"(anonymous_0)","decl":{"start":{"line":14,"column":52},"end":{"line":14,"column":53}},"loc":{"start":{"line":14,"column":77},"end":{"line":129,"column":1}},"line":14},"1":{"name":"(anonymous_1)","decl":{"start":{"line":20,"column":12},"end":{"line":20,"column":13}},"loc":{"start":{"line":20,"column":18},"end":{"line":24,"column":3}},"line":20},"2":{"name":"(anonymous_2)","decl":{"start":{"line":26,"column":30},"end":{"line":26,"column":31}},"loc":{"start":{"line":26,"column":36},"end":{"line":40,"column":3}},"line":26},"3":{"name":"(anonymous_3)","decl":{"start":{"line":32,"column":10},"end":{"line":32,"column":11}},"loc":{"start":{"line":32,"column":23},"end":{"line":32,"column":43}},"line":32},"4":{"name":"(anonymous_4)","decl":{"start":{"line":42,"column":29},"end":{"line":42,"column":30}},"loc":{"start":{"line":42,"column":52},"end":{"line":60,"column":3}},"line":42},"5":{"name":"(anonymous_5)","decl":{"start":{"line":44,"column":26},"end":{"line":44,"column":27}},"loc":{"start":{"line":45,"column":6},"end":{"line":45,"column":59}},"line":45},"6":{"name":"(anonymous_6)","decl":{"start":{"line":45,"column":21},"end":{"line":45,"column":22}},"loc":{"start":{"line":45,"column":34},"end":{"line":45,"column":58}},"line":45},"7":{"name":"(anonymous_7)","decl":{"start":{"line":52,"column":49},"end":{"line":52,"column":50}},"loc":{"start":{"line":53,"column":8},"end":{"line":53,"column":80}},"line":53},"8":{"name":"(anonymous_8)","decl":{"start":{"line":62,"column":26},"end":{"line":62,"column":27}},"loc":{"start":{"line":62,"column":69},"end":{"line":65,"column":3}},"line":62},"9":{"name":"(anonymous_9)","decl":{"start":{"line":91,"column":38},"end":{"line":91,"column":39}},"loc":{"start":{"line":92,"column":16},"end":{"line":121,"column":22}},"line":92},"10":{"name":"(anonymous_10)","decl":{"start":{"line":101,"column":31},"end":{"line":101,"column":32}},"loc":{"start":{"line":101,"column":37},"end":{"line":101,"column":67}},"line":101},"11":{"name":"(anonymous_11)","decl":{"start":{"line":115,"column":31},"end":{"line":115,"column":32}},"loc":{"start":{"line":115,"column":38},"end":{"line":115,"column":65}},"line":115}},"branchMap":{"0":{"loc":{"start":{"line":21,"column":4},"end":{"line":23,"column":5}},"type":"if","locations":[{"start":{"line":21,"column":4},"end":{"line":23,"column":5}},{"start":{},"end":{}}],"line":21},"1":{"loc":{"start":{"line":29,"column":6},"end":{"line":35,"column":7}},"type":"if","locations":[{"start":{"line":29,"column":6},"end":{"line":35,"column":7}},{"start":{},"end":{}}],"line":29},"2":{"loc":{"start":{"line":50,"column":4},"end":{"line":56,"column":5}},"type":"if","locations":[{"start":{"line":50,"column":4},"end":{"line":56,"column":5}},{"start":{},"end":{}}],"line":50},"3":{"loc":{"start":{"line":53,"column":8},"end":{"line":53,"column":80}},"type":"cond-expr","locations":[{"start":{"line":53,"column":35},"end":{"line":53,"column":70}},{"start":{"line":53,"column":73},"end":{"line":53,"column":80}}],"line":53},"4":{"loc":{"start":{"line":67,"column":2},"end":{"line":67,"column":27}},"type":"if","locations":[{"start":{"line":67,"column":2},"end":{"line":67,"column":27}},{"start":{},"end":{}}],"line":67},"5":{"loc":{"start":{"line":85,"column":11},"end":{"line":124,"column":11}},"type":"cond-expr","locations":[{"start":{"line":86,"column":12},"end":{"line":88,"column":18}},{"start":{"line":90,"column":12},"end":{"line":123,"column":18}}],"line":85}},"s":{"0":1,"1":19,"2":19,"3":19,"4":19,"5":10,"6":9,"7":19,"8":9,"9":9,"10":9,"11":8,"12":8,"13":21,"14":8,"15":0,"16":0,"17":19,"18":1,"19":1,"20":3,"21":1,"22":1,"23":1,"24":1,"25":3,"26":1,"27":1,"28":19,"29":2,"30":2,"31":19,"32":1,"33":18,"34":23,"35":1,"36":2},"f":{"0":19,"1":10,"2":9,"3":21,"4":1,"5":1,"6":3,"7":3,"8":2,"9":23,"10":1,"11":2},"b":{"0":[9,1],"1":[8,1],"2":[1,0],"3":[1,2],"4":[1,18],"5":[10,8]},"_coverageSchema":"1a1c01bbd47fc00a2c39e90264f33305004495a9","hash":"47a7c6d200911cc73a17c827e08a0dbf2cabf9fa"}
,"/Users/guilherme.santos01/Desktop/reactCheckpoint/src/context/cartContext/cartContext.tsx": {"path":"/Users/guilherme.santos01/Desktop/reactCheckpoint/src/context/cartContext/cartContext.tsx","statementMap":{"0":{"start":{"line":17,"column":20},"end":{"line":17,"column":73}},"1":{"start":{"line":19,"column":69},"end":{"line":75,"column":1}},"2":{"start":{"line":20,"column":34},"end":{"line":20,"column":58}},"3":{"start":{"line":22,"column":18},"end":{"line":36,"column":1}},"4":{"start":{"line":23,"column":2},"end":{"line":35,"column":5}},"5":{"start":{"line":24,"column":25},"end":{"line":24,"column":71}},"6":{"start":{"line":24,"column":48},"end":{"line":24,"column":70}},"7":{"start":{"line":26,"column":4},"end":{"line":32,"column":5}},"8":{"start":{"line":27,"column":6},"end":{"line":31,"column":8}},"9":{"start":{"line":28,"column":8},"end":{"line":30,"column":16}},"10":{"start":{"line":34,"column":4},"end":{"line":34,"column":55}},"11":{"start":{"line":38,"column":23},"end":{"line":40,"column":1}},"12":{"start":{"line":39,"column":2},"end":{"line":39,"column":77}},"13":{"start":{"line":39,"column":28},"end":{"line":39,"column":75}},"14":{"start":{"line":39,"column":53},"end":{"line":39,"column":74}},"15":{"start":{"line":42,"column":23},"end":{"line":53,"column":1}},"16":{"start":{"line":43,"column":2},"end":{"line":46,"column":3}},"17":{"start":{"line":44,"column":4},"end":{"line":44,"column":30}},"18":{"start":{"line":45,"column":4},"end":{"line":45,"column":11}},"19":{"start":{"line":48,"column":2},"end":{"line":52,"column":4}},"20":{"start":{"line":49,"column":4},"end":{"line":51,"column":5}},"21":{"start":{"line":50,"column":6},"end":{"line":50,"column":58}},"22":{"start":{"line":55,"column":18},"end":{"line":57,"column":1}},"23":{"start":{"line":56,"column":2},"end":{"line":56,"column":19}},"24":{"start":{"line":59,"column":21},"end":{"line":61,"column":1}},"25":{"start":{"line":60,"column":2},"end":{"line":60,"column":82}},"26":{"start":{"line":60,"column":43},"end":{"line":60,"column":77}},"27":{"start":{"line":63,"column":0},"end":{"line":74,"column":2}},"28":{"start":{"line":77,"column":23},"end":{"line":83,"column":1}},"29":{"start":{"line":78,"column":16},"end":{"line":78,"column":39}},"30":{"start":{"line":79,"column":0},"end":{"line":81,"column":1}},"31":{"start":{"line":80,"column":2},"end":{"line":80,"column":64}},"32":{"start":{"line":82,"column":0},"end":{"line":82,"column":15}}},"fnMap":{"0":{"name":"(anonymous_0)","decl":{"start":{"line":19,"column":69},"end":{"line":19,"column":70}},"loc":{"start":{"line":19,"column":87},"end":{"line":75,"column":1}},"line":19},"1":{"name":"(anonymous_1)","decl":{"start":{"line":22,"column":18},"end":{"line":22,"column":19}},"loc":{"start":{"line":22,"column":40},"end":{"line":36,"column":1}},"line":22},"2":{"name":"(anonymous_2)","decl":{"start":{"line":23,"column":15},"end":{"line":23,"column":16}},"loc":{"start":{"line":23,"column":28},"end":{"line":35,"column":3}},"line":23},"3":{"name":"(anonymous_3)","decl":{"start":{"line":24,"column":40},"end":{"line":24,"column":41}},"loc":{"start":{"line":24,"column":48},"end":{"line":24,"column":70}},"line":24},"4":{"name":"(anonymous_4)","decl":{"start":{"line":27,"column":27},"end":{"line":27,"column":28}},"loc":{"start":{"line":28,"column":8},"end":{"line":30,"column":16}},"line":28},"5":{"name":"(anonymous_5)","decl":{"start":{"line":38,"column":23},"end":{"line":38,"column":24}},"loc":{"start":{"line":38,"column":46},"end":{"line":40,"column":1}},"line":38},"6":{"name":"(anonymous_6)","decl":{"start":{"line":39,"column":15},"end":{"line":39,"column":16}},"loc":{"start":{"line":39,"column":28},"end":{"line":39,"column":75}},"line":39},"7":{"name":"(anonymous_7)","decl":{"start":{"line":39,"column":45},"end":{"line":39,"column":46}},"loc":{"start":{"line":39,"column":53},"end":{"line":39,"column":74}},"line":39},"8":{"name":"(anonymous_8)","decl":{"start":{"line":42,"column":23},"end":{"line":42,"column":24}},"loc":{"start":{"line":42,"column":64},"end":{"line":53,"column":1}},"line":42},"9":{"name":"(anonymous_9)","decl":{"start":{"line":48,"column":15},"end":{"line":48,"column":16}},"loc":{"start":{"line":49,"column":4},"end":{"line":51,"column":5}},"line":49},"10":{"name":"(anonymous_10)","decl":{"start":{"line":49,"column":18},"end":{"line":49,"column":19}},"loc":{"start":{"line":50,"column":6},"end":{"line":50,"column":58}},"line":50},"11":{"name":"(anonymous_11)","decl":{"start":{"line":55,"column":18},"end":{"line":55,"column":19}},"loc":{"start":{"line":55,"column":24},"end":{"line":57,"column":1}},"line":55},"12":{"name":"(anonymous_12)","decl":{"start":{"line":59,"column":21},"end":{"line":59,"column":22}},"loc":{"start":{"line":59,"column":27},"end":{"line":61,"column":1}},"line":59},"13":{"name":"(anonymous_13)","decl":{"start":{"line":60,"column":26},"end":{"line":60,"column":27}},"loc":{"start":{"line":60,"column":43},"end":{"line":60,"column":77}},"line":60},"14":{"name":"(anonymous_14)","decl":{"start":{"line":77,"column":23},"end":{"line":77,"column":24}},"loc":{"start":{"line":77,"column":29},"end":{"line":83,"column":1}},"line":77}},"branchMap":{"0":{"loc":{"start":{"line":26,"column":4},"end":{"line":32,"column":5}},"type":"if","locations":[{"start":{"line":26,"column":4},"end":{"line":32,"column":5}},{"start":{},"end":{}}],"line":26},"1":{"loc":{"start":{"line":28,"column":8},"end":{"line":30,"column":16}},"type":"cond-expr","locations":[{"start":{"line":29,"column":12},"end":{"line":29,"column":52}},{"start":{"line":30,"column":12},"end":{"line":30,"column":16}}],"line":28},"2":{"loc":{"start":{"line":43,"column":2},"end":{"line":46,"column":3}},"type":"if","locations":[{"start":{"line":43,"column":2},"end":{"line":46,"column":3}},{"start":{},"end":{}}],"line":43},"3":{"loc":{"start":{"line":50,"column":6},"end":{"line":50,"column":58}},"type":"cond-expr","locations":[{"start":{"line":50,"column":30},"end":{"line":50,"column":51}},{"start":{"line":50,"column":54},"end":{"line":50,"column":58}}],"line":50},"4":{"loc":{"start":{"line":79,"column":0},"end":{"line":81,"column":1}},"type":"if","locations":[{"start":{"line":79,"column":0},"end":{"line":81,"column":1}},{"start":{},"end":{}}],"line":79}},"s":{"0":1,"1":1,"2":24,"3":24,"4":10,"5":10,"6":2,"7":10,"8":1,"9":1,"10":9,"11":24,"12":2,"13":2,"14":2,"15":24,"16":2,"17":1,"18":1,"19":1,"20":1,"21":1,"22":24,"23":1,"24":24,"25":4,"26":3,"27":24,"28":1,"29":28,"30":28,"31":4,"32":24},"f":{"0":24,"1":10,"2":10,"3":2,"4":1,"5":2,"6":2,"7":2,"8":2,"9":1,"10":1,"11":1,"12":4,"13":3,"14":28},"b":{"0":[1,9],"1":[1,0],"2":[1,1],"3":[1,0],"4":[4,24]},"_coverageSchema":"1a1c01bbd47fc00a2c39e90264f33305004495a9","hash":"790c3f2c7d3a3fb3822faa5ee45e523e69ec7ca6"}
,"/Users/guilherme.santos01/Desktop/reactCheckpoint/src/context/wishlistContext/wishlistContext.tsx": {"path":"/Users/guilherme.santos01/Desktop/reactCheckpoint/src/context/wishlistContext/wishlistContext.tsx","statementMap":{"0":{"start":{"line":8,"column":24},"end":{"line":8,"column":81}},"1":{"start":{"line":10,"column":73},"end":{"line":22,"column":1}},"2":{"start":{"line":11,"column":44},"end":{"line":11,"column":55}},"3":{"start":{"line":13,"column":30},"end":{"line":15,"column":1}},"4":{"start":{"line":14,"column":2},"end":{"line":14,"column":38}},"5":{"start":{"line":14,"column":28},"end":{"line":14,"column":36}},"6":{"start":{"line":17,"column":0},"end":{"line":21,"column":2}},"7":{"start":{"line":24,"column":27},"end":{"line":30,"column":1}},"8":{"start":{"line":25,"column":16},"end":{"line":25,"column":43}},"9":{"start":{"line":26,"column":0},"end":{"line":28,"column":1}},"10":{"start":{"line":27,"column":2},"end":{"line":27,"column":72}},"11":{"start":{"line":29,"column":0},"end":{"line":29,"column":15}}},"fnMap":{"0":{"name":"(anonymous_0)","decl":{"start":{"line":10,"column":73},"end":{"line":10,"column":74}},"loc":{"start":{"line":10,"column":91},"end":{"line":22,"column":1}},"line":10},"1":{"name":"(anonymous_1)","decl":{"start":{"line":13,"column":30},"end":{"line":13,"column":31}},"loc":{"start":{"line":13,"column":36},"end":{"line":15,"column":1}},"line":13},"2":{"name":"(anonymous_2)","decl":{"start":{"line":14,"column":20},"end":{"line":14,"column":21}},"loc":{"start":{"line":14,"column":28},"end":{"line":14,"column":36}},"line":14},"3":{"name":"(anonymous_3)","decl":{"start":{"line":24,"column":27},"end":{"line":24,"column":28}},"loc":{"start":{"line":24,"column":33},"end":{"line":30,"column":1}},"line":24}},"branchMap":{"0":{"loc":{"start":{"line":26,"column":0},"end":{"line":28,"column":1}},"type":"if","locations":[{"start":{"line":26,"column":0},"end":{"line":28,"column":1}},{"start":{},"end":{}}],"line":26}},"s":{"0":3,"1":3,"2":29,"3":29,"4":10,"5":10,"6":29,"7":3,"8":45,"9":45,"10":4,"11":41},"f":{"0":29,"1":10,"2":10,"3":45},"b":{"0":[4,41]},"_coverageSchema":"1a1c01bbd47fc00a2c39e90264f33305004495a9","hash":"38c0045630a1e41d70f65a01515b8596ca4769ee"}
,"/Users/guilherme.santos01/Desktop/reactCheckpoint/src/hooks/useProducts/useProducts.tsx": {"path":"/Users/guilherme.santos01/Desktop/reactCheckpoint/src/hooks/useProducts/useProducts.tsx","statementMap":{"0":{"start":{"line":6,"column":27},"end":{"line":49,"column":1}},"1":{"start":{"line":7,"column":34},"end":{"line":7,"column":57}},"2":{"start":{"line":8,"column":32},"end":{"line":8,"column":55}},"3":{"start":{"line":9,"column":28},"end":{"line":9,"column":57}},"4":{"start":{"line":11,"column":2},"end":{"line":13,"column":23}},"5":{"start":{"line":12,"column":4},"end":{"line":12,"column":20}},"6":{"start":{"line":15,"column":24},"end":{"line":33,"column":3}},"7":{"start":{"line":16,"column":4},"end":{"line":32,"column":5}},"8":{"start":{"line":17,"column":19},"end":{"line":17,"column":52}},"9":{"start":{"line":18,"column":28},"end":{"line":18,"column":66}},"10":{"start":{"line":20,"column":35},"end":{"line":25,"column":9}},"11":{"start":{"line":20,"column":67},"end":{"line":25,"column":7}},"12":{"start":{"line":23,"column":17},"end":{"line":23,"column":54}},"13":{"start":{"line":27,"column":6},"end":{"line":27,"column":40}},"14":{"start":{"line":28,"column":6},"end":{"line":28,"column":24}},"15":{"start":{"line":30,"column":6},"end":{"line":30,"column":73}},"16":{"start":{"line":31,"column":6},"end":{"line":31,"column":24}},"17":{"start":{"line":35,"column":25},"end":{"line":46,"column":3}},"18":{"start":{"line":36,"column":4},"end":{"line":36,"column":24}},"19":{"start":{"line":37,"column":4},"end":{"line":45,"column":7}},"20":{"start":{"line":38,"column":30},"end":{"line":42,"column":7}},"21":{"start":{"line":39,"column":8},"end":{"line":41,"column":19}},"22":{"start":{"line":43,"column":6},"end":{"line":43,"column":61}},"23":{"start":{"line":44,"column":6},"end":{"line":44,"column":29}},"24":{"start":{"line":48,"column":2},"end":{"line":48,"column":54}}},"fnMap":{"0":{"name":"(anonymous_0)","decl":{"start":{"line":6,"column":27},"end":{"line":6,"column":28}},"loc":{"start":{"line":6,"column":55},"end":{"line":49,"column":1}},"line":6},"1":{"name":"(anonymous_1)","decl":{"start":{"line":11,"column":12},"end":{"line":11,"column":13}},"loc":{"start":{"line":11,"column":18},"end":{"line":13,"column":3}},"line":11},"2":{"name":"(anonymous_2)","decl":{"start":{"line":15,"column":24},"end":{"line":15,"column":25}},"loc":{"start":{"line":15,"column":36},"end":{"line":33,"column":3}},"line":15},"3":{"name":"(anonymous_3)","decl":{"start":{"line":20,"column":44},"end":{"line":20,"column":45}},"loc":{"start":{"line":20,"column":67},"end":{"line":25,"column":7}},"line":20},"4":{"name":"(anonymous_4)","decl":{"start":{"line":23,"column":10},"end":{"line":23,"column":11}},"loc":{"start":{"line":23,"column":17},"end":{"line":23,"column":54}},"line":23},"5":{"name":"(anonymous_5)","decl":{"start":{"line":35,"column":25},"end":{"line":35,"column":26}},"loc":{"start":{"line":35,"column":69},"end":{"line":46,"column":3}},"line":35},"6":{"name":"(anonymous_6)","decl":{"start":{"line":37,"column":16},"end":{"line":37,"column":17}},"loc":{"start":{"line":37,"column":34},"end":{"line":45,"column":5}},"line":37},"7":{"name":"(anonymous_7)","decl":{"start":{"line":38,"column":47},"end":{"line":38,"column":48}},"loc":{"start":{"line":39,"column":8},"end":{"line":41,"column":19}},"line":39}},"branchMap":{"0":{"loc":{"start":{"line":23,"column":17},"end":{"line":23,"column":54}},"type":"binary-expr","locations":[{"start":{"line":23,"column":17},"end":{"line":23,"column":36}},{"start":{"line":23,"column":40},"end":{"line":23,"column":54}}],"line":23},"1":{"loc":{"start":{"line":30,"column":15},"end":{"line":30,"column":71}},"type":"cond-expr","locations":[{"start":{"line":30,"column":38},"end":{"line":30,"column":49}},{"start":{"line":30,"column":52},"end":{"line":30,"column":71}}],"line":30},"2":{"loc":{"start":{"line":39,"column":8},"end":{"line":41,"column":19}},"type":"cond-expr","locations":[{"start":{"line":40,"column":12},"end":{"line":40,"column":63}},{"start":{"line":41,"column":12},"end":{"line":41,"column":19}}],"line":39}},"s":{"0":2,"1":10,"2":10,"3":10,"4":10,"5":5,"6":10,"7":5,"8":5,"9":4,"10":4,"11":4,"12":0,"13":4,"14":4,"15":1,"16":1,"17":10,"18":1,"19":1,"20":1,"21":1,"22":1,"23":1,"24":10},"f":{"0":10,"1":5,"2":5,"3":4,"4":0,"5":1,"6":1,"7":1},"b":{"0":[0,0],"1":[1,0],"2":[1,0]},"_coverageSchema":"1a1c01bbd47fc00a2c39e90264f33305004495a9","hash":"0c972e98b052a1248744e8b32147eb72ae74c677"}
,"/Users/guilherme.santos01/Desktop/reactCheckpoint/src/pages/homePage/homePage.tsx": {"path":"/Users/guilherme.santos01/Desktop/reactCheckpoint/src/pages/homePage/homePage.tsx","statementMap":{"0":{"start":{"line":6,"column":23},"end":{"line":23,"column":1}},"1":{"start":{"line":7,"column":2},"end":{"line":22,"column":4}}},"fnMap":{"0":{"name":"(anonymous_0)","decl":{"start":{"line":6,"column":23},"end":{"line":6,"column":24}},"loc":{"start":{"line":6,"column":29},"end":{"line":23,"column":1}},"line":6}},"branchMap":{},"s":{"0":1,"1":4},"f":{"0":4},"b":{},"_coverageSchema":"1a1c01bbd47fc00a2c39e90264f33305004495a9","hash":"d1f129b57083fd0f6efaddcec9d164edf25544d6"}
,"/Users/guilherme.santos01/Desktop/reactCheckpoint/src/pages/productsPage/productsPage.tsx": {"path":"/Users/guilherme.santos01/Desktop/reactCheckpoint/src/pages/productsPage/productsPage.tsx","statementMap":{"0":{"start":{"line":10,"column":31},"end":{"line":41,"column":1}},"1":{"start":{"line":11,"column":29},"end":{"line":11,"column":42}},"2":{"start":{"line":13,"column":4},"end":{"line":13,"column":31}},"3":{"start":{"line":14,"column":48},"end":{"line":14,"column":78}},"4":{"start":{"line":16,"column":2},"end":{"line":16,"column":38}},"5":{"start":{"line":16,"column":15},"end":{"line":16,"column":38}},"6":{"start":{"line":17,"column":2},"end":{"line":17,"column":64}},"7":{"start":{"line":17,"column":13},"end":{"line":17,"column":64}},"8":{"start":{"line":19,"column":2},"end":{"line":40,"column":4}},"9":{"start":{"line":23,"column":10},"end":{"line":30,"column":12}},"10":{"start":{"line":36,"column":23},"end":{"line":36,"column":47}}},"fnMap":{"0":{"name":"(anonymous_0)","decl":{"start":{"line":10,"column":31},"end":{"line":10,"column":32}},"loc":{"start":{"line":10,"column":37},"end":{"line":41,"column":1}},"line":10},"1":{"name":"(anonymous_1)","decl":{"start":{"line":22,"column":22},"end":{"line":22,"column":23}},"loc":{"start":{"line":23,"column":10},"end":{"line":30,"column":12}},"line":23},"2":{"name":"(anonymous_2)","decl":{"start":{"line":36,"column":17},"end":{"line":36,"column":18}},"loc":{"start":{"line":36,"column":23},"end":{"line":36,"column":47}},"line":36}},"branchMap":{"0":{"loc":{"start":{"line":16,"column":2},"end":{"line":16,"column":38}},"type":"if","locations":[{"start":{"line":16,"column":2},"end":{"line":16,"column":38}},{"start":{},"end":{}}],"line":16},"1":{"loc":{"start":{"line":17,"column":2},"end":{"line":17,"column":64}},"type":"if","locations":[{"start":{"line":17,"column":2},"end":{"line":17,"column":64}},{"start":{},"end":{}}],"line":17}},"s":{"0":1,"1":11,"2":11,"3":11,"4":10,"5":1,"6":9,"7":1,"8":8,"9":16,"10":1},"f":{"0":11,"1":16,"2":1},"b":{"0":[1,9],"1":[1,8]},"_coverageSchema":"1a1c01bbd47fc00a2c39e90264f33305004495a9","hash":"aa965d59141459288c9535f1984954dc85412fce"}
,"/Users/guilherme.santos01/Desktop/reactCheckpoint/src/types/product.tsx": {"path":"/Users/guilherme.santos01/Desktop/reactCheckpoint/src/types/product.tsx","statementMap":{},"fnMap":{},"branchMap":{},"s":{},"f":{},"b":{}}
,"/Users/guilherme.santos01/Desktop/reactCheckpoint/src/utils/api.ts": {"path":"/Users/guilherme.santos01/Desktop/reactCheckpoint/src/utils/api.ts","statementMap":{"0":{"start":{"line":3,"column":17},"end":{"line":3,"column":43}},"1":{"start":{"line":16,"column":4},"end":{"line":16,"column":19}},"2":{"start":{"line":17,"column":4},"end":{"line":17,"column":34}},"3":{"start":{"line":21,"column":26},"end":{"line":52,"column":1}},"4":{"start":{"line":23,"column":4},"end":{"line":50,"column":5}},"5":{"start":{"line":24,"column":23},"end":{"line":24,"column":58}},"6":{"start":{"line":26,"column":6},"end":{"line":32,"column":7}},"7":{"start":{"line":27,"column":8},"end":{"line":31,"column":10}},"8":{"start":{"line":34,"column":19},"end":{"line":34,"column":40}},"9":{"start":{"line":37,"column":6},"end":{"line":39,"column":7}},"10":{"start":{"line":38,"column":8},"end":{"line":38,"column":61}},"11":{"start":{"line":41,"column":6},"end":{"line":41,"column":31}},"12":{"start":{"line":43,"column":6},"end":{"line":45,"column":7}},"13":{"start":{"line":44,"column":8},"end":{"line":44,"column":20}},"14":{"start":{"line":47,"column":6},"end":{"line":49,"column":8}}},"fnMap":{"0":{"name":"(anonymous_0)","decl":{"start":{"line":11,"column":2},"end":{"line":11,"column":3}},"loc":{"start":{"line":15,"column":4},"end":{"line":18,"column":3}},"line":15},"1":{"name":"(anonymous_1)","decl":{"start":{"line":22,"column":2},"end":{"line":22,"column":3}},"loc":{"start":{"line":22,"column":45},"end":{"line":51,"column":3}},"line":22}},"branchMap":{"0":{"loc":{"start":{"line":26,"column":6},"end":{"line":32,"column":7}},"type":"if","locations":[{"start":{"line":26,"column":6},"end":{"line":32,"column":7}},{"start":{},"end":{}}],"line":26},"1":{"loc":{"start":{"line":37,"column":6},"end":{"line":39,"column":7}},"type":"if","locations":[{"start":{"line":37,"column":6},"end":{"line":39,"column":7}},{"start":{},"end":{}}],"line":37},"2":{"loc":{"start":{"line":43,"column":6},"end":{"line":45,"column":7}},"type":"if","locations":[{"start":{"line":43,"column":6},"end":{"line":45,"column":7}},{"start":{},"end":{}}],"line":43},"3":{"loc":{"start":{"line":48,"column":8},"end":{"line":48,"column":73}},"type":"cond-expr","locations":[{"start":{"line":48,"column":33},"end":{"line":48,"column":46}},{"start":{"line":48,"column":49},"end":{"line":48,"column":73}}],"line":48}},"s":{"0":3,"1":2,"2":2,"3":3,"4":3,"5":3,"6":2,"7":1,"8":1,"9":1,"10":0,"11":1,"12":2,"13":1,"14":1},"f":{"0":2,"1":3},"b":{"0":[1,1],"1":[0,1],"2":[1,1],"3":[1,0]},"_coverageSchema":"1a1c01bbd47fc00a2c39e90264f33305004495a9","hash":"72dd4e6c988d1556adf5c997ab6b080fc0783c46"}
,"/Users/guilherme.santos01/Desktop/reactCheckpoint/src/utils/storage.ts": {"path":"/Users/guilherme.santos01/Desktop/reactCheckpoint/src/utils/storage.ts","statementMap":{"0":{"start":{"line":3,"column":30},"end":{"line":12,"column":1}},"1":{"start":{"line":5,"column":16},"end":{"line":5,"column":48}},"2":{"start":{"line":6,"column":2},"end":{"line":6,"column":40}},"3":{"start":{"line":10,"column":2},"end":{"line":10,"column":61}}},"fnMap":{"0":{"name":"(anonymous_0)","decl":{"start":{"line":4,"column":0},"end":{"line":4,"column":1}},"loc":{"start":{"line":4,"column":35},"end":{"line":7,"column":1}},"line":4},"1":{"name":"(anonymous_1)","decl":{"start":{"line":9,"column":0},"end":{"line":9,"column":1}},"loc":{"start":{"line":9,"column":50},"end":{"line":11,"column":1}},"line":9}},"branchMap":{"0":{"loc":{"start":{"line":6,"column":9},"end":{"line":6,"column":39}},"type":"cond-expr","locations":[{"start":{"line":6,"column":17},"end":{"line":6,"column":34}},{"start":{"line":6,"column":37},"end":{"line":6,"column":39}}],"line":6}},"s":{"0":2,"1":0,"2":0,"3":0},"f":{"0":0,"1":0},"b":{"0":[0,0]},"_coverageSchema":"1a1c01bbd47fc00a2c39e90264f33305004495a9","hash":"b2224c48d550cf66ae382a4cd8816a7a4b252142"}
,"/Users/guilherme.santos01/Desktop/reactCheckpoint/src/utils/testUtils.tsx": {"path":"/Users/guilherme.santos01/Desktop/reactCheckpoint/src/utils/testUtils.tsx","statementMap":{"0":{"start":{"line":3,"column":28},"end":{"line":31,"column":3}},"1":{"start":{"line":33,"column":36},"end":{"line":41,"column":1}}},"fnMap":{},"branchMap":{},"s":{"0":7,"1":7},"f":{},"b":{},"_coverageSchema":"1a1c01bbd47fc00a2c39e90264f33305004495a9","hash":"78bc3e7fcf93c09ce1b50fbbcf48bc4129de433a"}
}
