{"/Users/guilherme.santos01/Desktop/reactCheckpoint/src/components/bestSellers/bestSellers.tsx": {"path":"/Users/guilherme.santos01/Desktop/reactCheckpoint/src/components/bestSellers/bestSellers.tsx","statementMap":{"0":{"start":{"line":9,"column":30},"end":{"line":110,"column":3}},"1":{"start":{"line":10,"column":38},"end":{"line":10,"column":61}},"2":{"start":{"line":11,"column":30},"end":{"line":11,"column":44}},"3":{"start":{"line":12,"column":26},"end":{"line":12,"column":55}},"4":{"start":{"line":13,"column":50},"end":{"line":13,"column":63}},"5":{"start":{"line":14,"column":46},"end":{"line":14,"column":76}},"6":{"start":{"line":18,"column":0},"end":{"line":46,"column":21}},"7":{"start":{"line":19,"column":27},"end":{"line":43,"column":3}},"8":{"start":{"line":20,"column":4},"end":{"line":42,"column":5}},"9":{"start":{"line":21,"column":23},"end":{"line":21,"column":55}},"10":{"start":{"line":22,"column":6},"end":{"line":24,"column":7}},"11":{"start":{"line":23,"column":8},"end":{"line":23,"column":66}},"12":{"start":{"line":25,"column":19},"end":{"line":25,"column":40}},"13":{"start":{"line":28,"column":29},"end":{"line":28,"column":61}},"14":{"start":{"line":29,"column":40},"end":{"line":29,"column":88}},"15":{"start":{"line":30,"column":29},"end":{"line":33,"column":8}},"16":{"start":{"line":31,"column":29},"end":{"line":31,"column":74}},"17":{"start":{"line":31,"column":54},"end":{"line":31,"column":73}},"18":{"start":{"line":32,"column":8},"end":{"line":32,"column":124}},"19":{"start":{"line":35,"column":6},"end":{"line":35,"column":71}},"20":{"start":{"line":36,"column":6},"end":{"line":36,"column":37}},"21":{"start":{"line":38,"column":6},"end":{"line":38,"column":59}},"22":{"start":{"line":39,"column":6},"end":{"line":39,"column":47}},"23":{"start":{"line":41,"column":6},"end":{"line":41,"column":24}},"24":{"start":{"line":45,"column":2},"end":{"line":45,"column":21}},"25":{"start":{"line":48,"column":27},"end":{"line":50,"column":1}},"26":{"start":{"line":49,"column":2},"end":{"line":49,"column":30}},"27":{"start":{"line":52,"column":29},"end":{"line":73,"column":1}},"28":{"start":{"line":53,"column":2},"end":{"line":53,"column":22}},"29":{"start":{"line":55,"column":25},"end":{"line":55,"column":57}},"30":{"start":{"line":56,"column":34},"end":{"line":56,"column":82}},"31":{"start":{"line":58,"column":23},"end":{"line":58,"column":72}},"32":{"start":{"line":58,"column":53},"end":{"line":58,"column":71}},"33":{"start":{"line":60,"column":2},"end":{"line":72,"column":3}},"34":{"start":{"line":61,"column":4},"end":{"line":61,"column":91}},"35":{"start":{"line":63,"column":4},"end":{"line":63,"column":69}},"36":{"start":{"line":66,"column":31},"end":{"line":66,"column":57}},"37":{"start":{"line":67,"column":4},"end":{"line":67,"column":39}},"38":{"start":{"line":69,"column":4},"end":{"line":69,"column":28}},"39":{"start":{"line":71,"column":4},"end":{"line":71,"column":76}},"40":{"start":{"line":76,"column":0},"end":{"line":82,"column":1}},"41":{"start":{"line":77,"column":2},"end":{"line":81,"column":4}},"42":{"start":{"line":84,"column":0},"end":{"line":86,"column":1}},"43":{"start":{"line":85,"column":2},"end":{"line":85,"column":53}},"44":{"start":{"line":88,"column":0},"end":{"line":109,"column":4}},"45":{"start":{"line":93,"column":10},"end":{"line":100,"column":12}},"46":{"start":{"line":105,"column":21},"end":{"line":105,"column":45}}},"fnMap":{"0":{"name":"(anonymous_0)","decl":{"start":{"line":9,"column":30},"end":{"line":9,"column":31}},"loc":{"start":{"line":9,"column":36},"end":{"line":110,"column":3}},"line":9},"1":{"name":"(anonymous_1)","decl":{"start":{"line":18,"column":10},"end":{"line":18,"column":11}},"loc":{"start":{"line":18,"column":16},"end":{"line":46,"column":1}},"line":18},"2":{"name":"(anonymous_2)","decl":{"start":{"line":19,"column":27},"end":{"line":19,"column":28}},"loc":{"start":{"line":19,"column":39},"end":{"line":43,"column":3}},"line":19},"3":{"name":"(anonymous_3)","decl":{"start":{"line":30,"column":38},"end":{"line":30,"column":39}},"loc":{"start":{"line":30,"column":49},"end":{"line":33,"column":7}},"line":30},"4":{"name":"(anonymous_4)","decl":{"start":{"line":31,"column":49},"end":{"line":31,"column":50}},"loc":{"start":{"line":31,"column":54},"end":{"line":31,"column":73}},"line":31},"5":{"name":"(anonymous_5)","decl":{"start":{"line":48,"column":27},"end":{"line":48,"column":28}},"loc":{"start":{"line":48,"column":49},"end":{"line":50,"column":1}},"line":48},"6":{"name":"(anonymous_6)","decl":{"start":{"line":52,"column":29},"end":{"line":52,"column":30}},"loc":{"start":{"line":52,"column":73},"end":{"line":73,"column":1}},"line":52},"7":{"name":"(anonymous_7)","decl":{"start":{"line":58,"column":48},"end":{"line":58,"column":49}},"loc":{"start":{"line":58,"column":53},"end":{"line":58,"column":71}},"line":58},"8":{"name":"(anonymous_8)","decl":{"start":{"line":92,"column":25},"end":{"line":92,"column":26}},"loc":{"start":{"line":93,"column":10},"end":{"line":100,"column":12}},"line":93},"9":{"name":"(anonymous_9)","decl":{"start":{"line":105,"column":15},"end":{"line":105,"column":16}},"loc":{"start":{"line":105,"column":21},"end":{"line":105,"column":45}},"line":105}},"branchMap":{"0":{"loc":{"start":{"line":22,"column":6},"end":{"line":24,"column":7}},"type":"if","locations":[{"start":{"line":22,"column":6},"end":{"line":24,"column":7}},{"start":{},"end":{}}],"line":22},"1":{"loc":{"start":{"line":29,"column":40},"end":{"line":29,"column":88}},"type":"cond-expr","locations":[{"start":{"line":29,"column":57},"end":{"line":29,"column":83}},{"start":{"line":29,"column":86},"end":{"line":29,"column":88}}],"line":29},"2":{"loc":{"start":{"line":32,"column":15},"end":{"line":32,"column":123}},"type":"cond-expr","locations":[{"start":{"line":32,"column":30},"end":{"line":32,"column":85}},{"start":{"line":32,"column":88},"end":{"line":32,"column":123}}],"line":32},"3":{"loc":{"start":{"line":56,"column":34},"end":{"line":56,"column":82}},"type":"cond-expr","locations":[{"start":{"line":56,"column":51},"end":{"line":56,"column":77}},{"start":{"line":56,"column":80},"end":{"line":56,"column":82}}],"line":56},"4":{"loc":{"start":{"line":60,"column":2},"end":{"line":72,"column":3}},"type":"if","locations":[{"start":{"line":60,"column":2},"end":{"line":72,"column":3}},{"start":{"line":70,"column":9},"end":{"line":72,"column":3}}],"line":60},"5":{"loc":{"start":{"line":76,"column":0},"end":{"line":82,"column":1}},"type":"if","locations":[{"start":{"line":76,"column":0},"end":{"line":82,"column":1}},{"start":{},"end":{}}],"line":76},"6":{"loc":{"start":{"line":84,"column":0},"end":{"line":86,"column":1}},"type":"if","locations":[{"start":{"line":84,"column":0},"end":{"line":86,"column":1}},{"start":{},"end":{}}],"line":84}},"s":{"0":0,"1":0,"2":0,"3":0,"4":0,"5":0,"6":0,"7":0,"8":0,"9":0,"10":0,"11":0,"12":0,"13":0,"14":0,"15":0,"16":0,"17":0,"18":0,"19":0,"20":0,"21":0,"22":0,"23":0,"24":0,"25":0,"26":0,"27":0,"28":0,"29":0,"30":0,"31":0,"32":0,"33":0,"34":0,"35":0,"36":0,"37":0,"38":0,"39":0,"40":0,"41":0,"42":0,"43":0,"44":0,"45":0,"46":0},"f":{"0":0,"1":0,"2":0,"3":0,"4":0,"5":0,"6":0,"7":0,"8":0,"9":0},"b":{"0":[0,0],"1":[0,0],"2":[0,0],"3":[0,0],"4":[0,0],"5":[0,0],"6":[0,0]}}
,"/Users/guilherme.santos01/Desktop/reactCheckpoint/src/components/cartModal/cartModal.tsx": {"path":"/Users/guilherme.santos01/Desktop/reactCheckpoint/src/components/cartModal/cartModal.tsx","statementMap":{"0":{"start":{"line":12,"column":44},"end":{"line":94,"column":1}},"1":{"start":{"line":19,"column":4},"end":{"line":19,"column":13}},"2":{"start":{"line":21,"column":0},"end":{"line":21,"column":25}},"3":{"start":{"line":21,"column":13},"end":{"line":21,"column":25}},"4":{"start":{"line":23,"column":0},"end":{"line":93,"column":2}},"5":{"start":{"line":39,"column":14},"end":{"line":69,"column":20}},"6":{"start":{"line":47,"column":35},"end":{"line":47,"column":77}},"7":{"start":{"line":55,"column":35},"end":{"line":55,"column":77}},"8":{"start":{"line":63,"column":33},"end":{"line":63,"column":56}}},"fnMap":{"0":{"name":"(anonymous_0)","decl":{"start":{"line":12,"column":44},"end":{"line":12,"column":45}},"loc":{"start":{"line":12,"column":69},"end":{"line":94,"column":1}},"line":12},"1":{"name":"(anonymous_1)","decl":{"start":{"line":38,"column":27},"end":{"line":38,"column":28}},"loc":{"start":{"line":39,"column":14},"end":{"line":69,"column":20}},"line":39},"2":{"name":"(anonymous_2)","decl":{"start":{"line":47,"column":29},"end":{"line":47,"column":30}},"loc":{"start":{"line":47,"column":35},"end":{"line":47,"column":77}},"line":47},"3":{"name":"(anonymous_3)","decl":{"start":{"line":55,"column":29},"end":{"line":55,"column":30}},"loc":{"start":{"line":55,"column":35},"end":{"line":55,"column":77}},"line":55},"4":{"name":"(anonymous_4)","decl":{"start":{"line":63,"column":27},"end":{"line":63,"column":28}},"loc":{"start":{"line":63,"column":33},"end":{"line":63,"column":56}},"line":63}},"branchMap":{"0":{"loc":{"start":{"line":21,"column":0},"end":{"line":21,"column":25}},"type":"if","locations":[{"start":{"line":21,"column":0},"end":{"line":21,"column":25}},{"start":{},"end":{}}],"line":21},"1":{"loc":{"start":{"line":24,"column":46},"end":{"line":24,"column":71}},"type":"cond-expr","locations":[{"start":{"line":24,"column":55},"end":{"line":24,"column":66}},{"start":{"line":24,"column":69},"end":{"line":24,"column":71}}],"line":24},"2":{"loc":{"start":{"line":33,"column":7},"end":{"line":90,"column":7}},"type":"cond-expr","locations":[{"start":{"line":34,"column":8},"end":{"line":34,"column":62}},{"start":{"line":36,"column":8},"end":{"line":89,"column":11}}],"line":33}},"s":{"0":0,"1":0,"2":0,"3":0,"4":0,"5":0,"6":0,"7":0,"8":0},"f":{"0":0,"1":0,"2":0,"3":0,"4":0},"b":{"0":[0,0],"1":[0,0],"2":[0,0]}}
,"/Users/guilherme.santos01/Desktop/reactCheckpoint/src/components/layout/layout.tsx": {"path":"/Users/guilherme.santos01/Desktop/reactCheckpoint/src/components/layout/layout.tsx","statementMap":{"0":{"start":{"line":11,"column":38},"end":{"line":20,"column":5}},"1":{"start":{"line":12,"column":4},"end":{"line":19,"column":6}}},"fnMap":{"0":{"name":"(anonymous_0)","decl":{"start":{"line":11,"column":38},"end":{"line":11,"column":39}},"loc":{"start":{"line":11,"column":56},"end":{"line":20,"column":5}},"line":11}},"branchMap":{},"s":{"0":0,"1":0},"f":{"0":0},"b":{}}
,"/Users/guilherme.santos01/Desktop/reactCheckpoint/src/components/loadingDots/loadingDots.tsx": {"path":"/Users/guilherme.santos01/Desktop/reactCheckpoint/src/components/loadingDots/loadingDots.tsx","statementMap":{"0":{"start":{"line":4,"column":30},"end":{"line":17,"column":1}},"1":{"start":{"line":5,"column":0},"end":{"line":16,"column":2}}},"fnMap":{"0":{"name":"(anonymous_0)","decl":{"start":{"line":4,"column":30},"end":{"line":4,"column":31}},"loc":{"start":{"line":4,"column":36},"end":{"line":17,"column":1}},"line":4}},"branchMap":{},"s":{"0":0,"1":0},"f":{"0":0},"b":{}}
,"/Users/guilherme.santos01/Desktop/reactCheckpoint/src/components/navbar/navbar.tsx": {"path":"/Users/guilherme.santos01/Desktop/reactCheckpoint/src/components/navbar/navbar.tsx","statementMap":{"0":{"start":{"line":10,"column":25},"end":{"line":109,"column":1}},"1":{"start":{"line":11,"column":46},"end":{"line":11,"column":61}},"2":{"start":{"line":12,"column":38},"end":{"line":12,"column":53}},"3":{"start":{"line":13,"column":24},"end":{"line":13,"column":33}},"4":{"start":{"line":15,"column":21},"end":{"line":15,"column":76}},"5":{"start":{"line":15,"column":53},"end":{"line":15,"column":72}},"6":{"start":{"line":17,"column":2},"end":{"line":108,"column":4}},"7":{"start":{"line":56,"column":27},"end":{"line":56,"column":50}},"8":{"start":{"line":70,"column":27},"end":{"line":70,"column":46}},"9":{"start":{"line":101,"column":52},"end":{"line":101,"column":72}},"10":{"start":{"line":105,"column":23},"end":{"line":105,"column":47}}},"fnMap":{"0":{"name":"(anonymous_0)","decl":{"start":{"line":10,"column":25},"end":{"line":10,"column":26}},"loc":{"start":{"line":10,"column":31},"end":{"line":109,"column":1}},"line":10},"1":{"name":"(anonymous_1)","decl":{"start":{"line":15,"column":38},"end":{"line":15,"column":39}},"loc":{"start":{"line":15,"column":53},"end":{"line":15,"column":72}},"line":15},"2":{"name":"(anonymous_2)","decl":{"start":{"line":56,"column":21},"end":{"line":56,"column":22}},"loc":{"start":{"line":56,"column":27},"end":{"line":56,"column":50}},"line":56},"3":{"name":"(anonymous_3)","decl":{"start":{"line":70,"column":21},"end":{"line":70,"column":22}},"loc":{"start":{"line":70,"column":27},"end":{"line":70,"column":46}},"line":70},"4":{"name":"(anonymous_4)","decl":{"start":{"line":101,"column":46},"end":{"line":101,"column":47}},"loc":{"start":{"line":101,"column":52},"end":{"line":101,"column":72}},"line":101},"5":{"name":"(anonymous_5)","decl":{"start":{"line":105,"column":17},"end":{"line":105,"column":18}},"loc":{"start":{"line":105,"column":23},"end":{"line":105,"column":47}},"line":105}},"branchMap":{"0":{"loc":{"start":{"line":80,"column":15},"end":{"line":95,"column":15}},"type":"cond-expr","locations":[{"start":{"line":81,"column":16},"end":{"line":88,"column":23}},{"start":{"line":90,"column":16},"end":{"line":94,"column":24}}],"line":80}},"s":{"0":0,"1":0,"2":0,"3":0,"4":0,"5":0,"6":0,"7":0,"8":0,"9":0,"10":0},"f":{"0":0,"1":0,"2":0,"3":0,"4":0,"5":0},"b":{"0":[0,0]}}
,"/Users/guilherme.santos01/Desktop/reactCheckpoint/src/components/productCard/productCard.tsx": {"path":"/Users/guilherme.santos01/Desktop/reactCheckpoint/src/components/productCard/productCard.tsx","statementMap":{"0":{"start":{"line":17,"column":48},"end":{"line":82,"column":3}},"1":{"start":{"line":23,"column":24},"end":{"line":23,"column":33}},"2":{"start":{"line":25,"column":26},"end":{"line":28,"column":3}},"3":{"start":{"line":26,"column":4},"end":{"line":26,"column":24}},"4":{"start":{"line":27,"column":4},"end":{"line":27,"column":23}},"5":{"start":{"line":30,"column":2},"end":{"line":81,"column":4}},"6":{"start":{"line":33,"column":21},"end":{"line":33,"column":44}},"7":{"start":{"line":49,"column":26},"end":{"line":49,"column":57}}},"fnMap":{"0":{"name":"(anonymous_0)","decl":{"start":{"line":17,"column":48},"end":{"line":17,"column":49}},"loc":{"start":{"line":22,"column":8},"end":{"line":82,"column":3}},"line":22},"1":{"name":"(anonymous_1)","decl":{"start":{"line":25,"column":26},"end":{"line":25,"column":27}},"loc":{"start":{"line":25,"column":51},"end":{"line":28,"column":3}},"line":25},"2":{"name":"(anonymous_2)","decl":{"start":{"line":33,"column":15},"end":{"line":33,"column":16}},"loc":{"start":{"line":33,"column":21},"end":{"line":33,"column":44}},"line":33},"3":{"name":"(anonymous_3)","decl":{"start":{"line":49,"column":19},"end":{"line":49,"column":20}},"loc":{"start":{"line":49,"column":26},"end":{"line":49,"column":57}},"line":49}},"branchMap":{"0":{"loc":{"start":{"line":43,"column":19},"end":{"line":43,"column":49}},"type":"cond-expr","locations":[{"start":{"line":43,"column":33},"end":{"line":43,"column":40}},{"start":{"line":43,"column":43},"end":{"line":43,"column":49}}],"line":43},"1":{"loc":{"start":{"line":51,"column":12},"end":{"line":53,"column":33}},"type":"cond-expr","locations":[{"start":{"line":52,"column":16},"end":{"line":52,"column":38}},{"start":{"line":53,"column":16},"end":{"line":53,"column":33}}],"line":51},"2":{"loc":{"start":{"line":57,"column":18},"end":{"line":57,"column":70}},"type":"cond-expr","locations":[{"start":{"line":57,"column":41},"end":{"line":57,"column":53}},{"start":{"line":57,"column":56},"end":{"line":57,"column":70}}],"line":57},"3":{"loc":{"start":{"line":59,"column":14},"end":{"line":59,"column":59}},"type":"cond-expr","locations":[{"start":{"line":59,"column":37},"end":{"line":59,"column":54}},{"start":{"line":59,"column":57},"end":{"line":59,"column":59}}],"line":59}},"s":{"0":0,"1":0,"2":0,"3":0,"4":0,"5":0,"6":0,"7":0},"f":{"0":0,"1":0,"2":0,"3":0},"b":{"0":[0,0],"1":[0,0],"2":[0,0],"3":[0,0]}}
,"/Users/guilherme.santos01/Desktop/reactCheckpoint/src/components/wishlistModal/wishlist.tsx": {"path":"/Users/guilherme.santos01/Desktop/reactCheckpoint/src/components/wishlistModal/wishlist.tsx","statementMap":{"0":{"start":{"line":15,"column":52},"end":{"line":124,"column":1}},"1":{"start":{"line":16,"column":54},"end":{"line":16,"column":77}},"2":{"start":{"line":17,"column":36},"end":{"line":17,"column":49}},"3":{"start":{"line":18,"column":24},"end":{"line":18,"column":33}},"4":{"start":{"line":21,"column":2},"end":{"line":25,"column":15}},"5":{"start":{"line":22,"column":4},"end":{"line":24,"column":5}},"6":{"start":{"line":23,"column":6},"end":{"line":23,"column":28}},"7":{"start":{"line":27,"column":30},"end":{"line":41,"column":5}},"8":{"start":{"line":28,"column":4},"end":{"line":40,"column":5}},"9":{"start":{"line":29,"column":23},"end":{"line":29,"column":55}},"10":{"start":{"line":30,"column":6},"end":{"line":36,"column":7}},"11":{"start":{"line":31,"column":42},"end":{"line":31,"column":62}},"12":{"start":{"line":32,"column":27},"end":{"line":34,"column":9}},"13":{"start":{"line":33,"column":23},"end":{"line":33,"column":43}},"14":{"start":{"line":35,"column":8},"end":{"line":35,"column":42}},"15":{"start":{"line":38,"column":6},"end":{"line":38,"column":60}},"16":{"start":{"line":39,"column":6},"end":{"line":39,"column":32}},"17":{"start":{"line":43,"column":29},"end":{"line":61,"column":3}},"18":{"start":{"line":45,"column":4},"end":{"line":47,"column":6}},"19":{"start":{"line":46,"column":6},"end":{"line":46,"column":59}},"20":{"start":{"line":46,"column":34},"end":{"line":46,"column":58}},"21":{"start":{"line":50,"column":21},"end":{"line":50,"column":53}},"22":{"start":{"line":51,"column":4},"end":{"line":57,"column":5}},"23":{"start":{"line":52,"column":40},"end":{"line":52,"column":60}},"24":{"start":{"line":53,"column":30},"end":{"line":55,"column":7}},"25":{"start":{"line":54,"column":8},"end":{"line":54,"column":80}},"26":{"start":{"line":56,"column":6},"end":{"line":56,"column":72}},"27":{"start":{"line":60,"column":4},"end":{"line":60,"column":28}},"28":{"start":{"line":64,"column":26},"end":{"line":67,"column":3}},"29":{"start":{"line":65,"column":4},"end":{"line":65,"column":24}},"30":{"start":{"line":66,"column":4},"end":{"line":66,"column":23}},"31":{"start":{"line":69,"column":2},"end":{"line":69,"column":27}},"32":{"start":{"line":69,"column":15},"end":{"line":69,"column":27}},"33":{"start":{"line":71,"column":2},"end":{"line":123,"column":4}},"34":{"start":{"line":90,"column":16},"end":{"line":116,"column":22}},"35":{"start":{"line":99,"column":37},"end":{"line":99,"column":67}},"36":{"start":{"line":110,"column":38},"end":{"line":110,"column":65}}},"fnMap":{"0":{"name":"(anonymous_0)","decl":{"start":{"line":15,"column":52},"end":{"line":15,"column":53}},"loc":{"start":{"line":15,"column":77},"end":{"line":124,"column":1}},"line":15},"1":{"name":"(anonymous_1)","decl":{"start":{"line":21,"column":12},"end":{"line":21,"column":13}},"loc":{"start":{"line":21,"column":18},"end":{"line":25,"column":3}},"line":21},"2":{"name":"(anonymous_2)","decl":{"start":{"line":27,"column":30},"end":{"line":27,"column":31}},"loc":{"start":{"line":27,"column":36},"end":{"line":41,"column":5}},"line":27},"3":{"name":"(anonymous_3)","decl":{"start":{"line":33,"column":10},"end":{"line":33,"column":11}},"loc":{"start":{"line":33,"column":23},"end":{"line":33,"column":43}},"line":33},"4":{"name":"(anonymous_4)","decl":{"start":{"line":43,"column":29},"end":{"line":43,"column":30}},"loc":{"start":{"line":43,"column":52},"end":{"line":61,"column":3}},"line":43},"5":{"name":"(anonymous_5)","decl":{"start":{"line":45,"column":26},"end":{"line":45,"column":27}},"loc":{"start":{"line":46,"column":6},"end":{"line":46,"column":59}},"line":46},"6":{"name":"(anonymous_6)","decl":{"start":{"line":46,"column":21},"end":{"line":46,"column":22}},"loc":{"start":{"line":46,"column":34},"end":{"line":46,"column":58}},"line":46},"7":{"name":"(anonymous_7)","decl":{"start":{"line":53,"column":49},"end":{"line":53,"column":50}},"loc":{"start":{"line":54,"column":8},"end":{"line":54,"column":80}},"line":54},"8":{"name":"(anonymous_8)","decl":{"start":{"line":64,"column":26},"end":{"line":64,"column":27}},"loc":{"start":{"line":64,"column":69},"end":{"line":67,"column":3}},"line":64},"9":{"name":"(anonymous_9)","decl":{"start":{"line":89,"column":38},"end":{"line":89,"column":39}},"loc":{"start":{"line":90,"column":16},"end":{"line":116,"column":22}},"line":90},"10":{"name":"(anonymous_10)","decl":{"start":{"line":99,"column":31},"end":{"line":99,"column":32}},"loc":{"start":{"line":99,"column":37},"end":{"line":99,"column":67}},"line":99},"11":{"name":"(anonymous_11)","decl":{"start":{"line":110,"column":31},"end":{"line":110,"column":32}},"loc":{"start":{"line":110,"column":38},"end":{"line":110,"column":65}},"line":110}},"branchMap":{"0":{"loc":{"start":{"line":22,"column":4},"end":{"line":24,"column":5}},"type":"if","locations":[{"start":{"line":22,"column":4},"end":{"line":24,"column":5}},{"start":{},"end":{}}],"line":22},"1":{"loc":{"start":{"line":30,"column":6},"end":{"line":36,"column":7}},"type":"if","locations":[{"start":{"line":30,"column":6},"end":{"line":36,"column":7}},{"start":{},"end":{}}],"line":30},"2":{"loc":{"start":{"line":51,"column":4},"end":{"line":57,"column":5}},"type":"if","locations":[{"start":{"line":51,"column":4},"end":{"line":57,"column":5}},{"start":{},"end":{}}],"line":51},"3":{"loc":{"start":{"line":54,"column":8},"end":{"line":54,"column":80}},"type":"cond-expr","locations":[{"start":{"line":54,"column":35},"end":{"line":54,"column":70}},{"start":{"line":54,"column":73},"end":{"line":54,"column":80}}],"line":54},"4":{"loc":{"start":{"line":69,"column":2},"end":{"line":69,"column":27}},"type":"if","locations":[{"start":{"line":69,"column":2},"end":{"line":69,"column":27}},{"start":{},"end":{}}],"line":69},"5":{"loc":{"start":{"line":83,"column":11},"end":{"line":119,"column":11}},"type":"cond-expr","locations":[{"start":{"line":84,"column":12},"end":{"line":86,"column":18}},{"start":{"line":88,"column":12},"end":{"line":118,"column":18}}],"line":83}},"s":{"0":0,"1":0,"2":0,"3":0,"4":0,"5":0,"6":0,"7":0,"8":0,"9":0,"10":0,"11":0,"12":0,"13":0,"14":0,"15":0,"16":0,"17":0,"18":0,"19":0,"20":0,"21":0,"22":0,"23":0,"24":0,"25":0,"26":0,"27":0,"28":0,"29":0,"30":0,"31":0,"32":0,"33":0,"34":0,"35":0,"36":0},"f":{"0":0,"1":0,"2":0,"3":0,"4":0,"5":0,"6":0,"7":0,"8":0,"9":0,"10":0,"11":0},"b":{"0":[0,0],"1":[0,0],"2":[0,0],"3":[0,0],"4":[0,0],"5":[0,0]}}
,"/Users/guilherme.santos01/Desktop/reactCheckpoint/src/context/cartContext/cartContext.tsx": {"path":"/Users/guilherme.santos01/Desktop/reactCheckpoint/src/context/cartContext/cartContext.tsx","statementMap":{"0":{"start":{"line":17,"column":20},"end":{"line":17,"column":73}},"1":{"start":{"line":19,"column":69},"end":{"line":75,"column":1}},"2":{"start":{"line":20,"column":34},"end":{"line":20,"column":58}},"3":{"start":{"line":22,"column":18},"end":{"line":36,"column":1}},"4":{"start":{"line":23,"column":2},"end":{"line":35,"column":5}},"5":{"start":{"line":24,"column":25},"end":{"line":24,"column":71}},"6":{"start":{"line":24,"column":48},"end":{"line":24,"column":70}},"7":{"start":{"line":26,"column":4},"end":{"line":32,"column":5}},"8":{"start":{"line":27,"column":6},"end":{"line":31,"column":8}},"9":{"start":{"line":28,"column":8},"end":{"line":30,"column":16}},"10":{"start":{"line":34,"column":4},"end":{"line":34,"column":55}},"11":{"start":{"line":38,"column":23},"end":{"line":40,"column":1}},"12":{"start":{"line":39,"column":2},"end":{"line":39,"column":77}},"13":{"start":{"line":39,"column":28},"end":{"line":39,"column":75}},"14":{"start":{"line":39,"column":53},"end":{"line":39,"column":74}},"15":{"start":{"line":42,"column":23},"end":{"line":53,"column":1}},"16":{"start":{"line":43,"column":2},"end":{"line":46,"column":3}},"17":{"start":{"line":44,"column":4},"end":{"line":44,"column":30}},"18":{"start":{"line":45,"column":4},"end":{"line":45,"column":11}},"19":{"start":{"line":48,"column":2},"end":{"line":52,"column":4}},"20":{"start":{"line":49,"column":4},"end":{"line":51,"column":5}},"21":{"start":{"line":50,"column":6},"end":{"line":50,"column":58}},"22":{"start":{"line":55,"column":18},"end":{"line":57,"column":1}},"23":{"start":{"line":56,"column":2},"end":{"line":56,"column":19}},"24":{"start":{"line":59,"column":21},"end":{"line":61,"column":1}},"25":{"start":{"line":60,"column":2},"end":{"line":60,"column":82}},"26":{"start":{"line":60,"column":43},"end":{"line":60,"column":77}},"27":{"start":{"line":63,"column":0},"end":{"line":74,"column":2}},"28":{"start":{"line":77,"column":23},"end":{"line":83,"column":1}},"29":{"start":{"line":78,"column":16},"end":{"line":78,"column":39}},"30":{"start":{"line":79,"column":0},"end":{"line":81,"column":1}},"31":{"start":{"line":80,"column":2},"end":{"line":80,"column":64}},"32":{"start":{"line":82,"column":0},"end":{"line":82,"column":15}}},"fnMap":{"0":{"name":"(anonymous_0)","decl":{"start":{"line":19,"column":69},"end":{"line":19,"column":70}},"loc":{"start":{"line":19,"column":87},"end":{"line":75,"column":1}},"line":19},"1":{"name":"(anonymous_1)","decl":{"start":{"line":22,"column":18},"end":{"line":22,"column":19}},"loc":{"start":{"line":22,"column":40},"end":{"line":36,"column":1}},"line":22},"2":{"name":"(anonymous_2)","decl":{"start":{"line":23,"column":15},"end":{"line":23,"column":16}},"loc":{"start":{"line":23,"column":28},"end":{"line":35,"column":3}},"line":23},"3":{"name":"(anonymous_3)","decl":{"start":{"line":24,"column":40},"end":{"line":24,"column":41}},"loc":{"start":{"line":24,"column":48},"end":{"line":24,"column":70}},"line":24},"4":{"name":"(anonymous_4)","decl":{"start":{"line":27,"column":27},"end":{"line":27,"column":28}},"loc":{"start":{"line":28,"column":8},"end":{"line":30,"column":16}},"line":28},"5":{"name":"(anonymous_5)","decl":{"start":{"line":38,"column":23},"end":{"line":38,"column":24}},"loc":{"start":{"line":38,"column":46},"end":{"line":40,"column":1}},"line":38},"6":{"name":"(anonymous_6)","decl":{"start":{"line":39,"column":15},"end":{"line":39,"column":16}},"loc":{"start":{"line":39,"column":28},"end":{"line":39,"column":75}},"line":39},"7":{"name":"(anonymous_7)","decl":{"start":{"line":39,"column":45},"end":{"line":39,"column":46}},"loc":{"start":{"line":39,"column":53},"end":{"line":39,"column":74}},"line":39},"8":{"name":"(anonymous_8)","decl":{"start":{"line":42,"column":23},"end":{"line":42,"column":24}},"loc":{"start":{"line":42,"column":64},"end":{"line":53,"column":1}},"line":42},"9":{"name":"(anonymous_9)","decl":{"start":{"line":48,"column":15},"end":{"line":48,"column":16}},"loc":{"start":{"line":49,"column":4},"end":{"line":51,"column":5}},"line":49},"10":{"name":"(anonymous_10)","decl":{"start":{"line":49,"column":18},"end":{"line":49,"column":19}},"loc":{"start":{"line":50,"column":6},"end":{"line":50,"column":58}},"line":50},"11":{"name":"(anonymous_11)","decl":{"start":{"line":55,"column":18},"end":{"line":55,"column":19}},"loc":{"start":{"line":55,"column":24},"end":{"line":57,"column":1}},"line":55},"12":{"name":"(anonymous_12)","decl":{"start":{"line":59,"column":21},"end":{"line":59,"column":22}},"loc":{"start":{"line":59,"column":27},"end":{"line":61,"column":1}},"line":59},"13":{"name":"(anonymous_13)","decl":{"start":{"line":60,"column":26},"end":{"line":60,"column":27}},"loc":{"start":{"line":60,"column":43},"end":{"line":60,"column":77}},"line":60},"14":{"name":"(anonymous_14)","decl":{"start":{"line":77,"column":23},"end":{"line":77,"column":24}},"loc":{"start":{"line":77,"column":29},"end":{"line":83,"column":1}},"line":77}},"branchMap":{"0":{"loc":{"start":{"line":26,"column":4},"end":{"line":32,"column":5}},"type":"if","locations":[{"start":{"line":26,"column":4},"end":{"line":32,"column":5}},{"start":{},"end":{}}],"line":26},"1":{"loc":{"start":{"line":28,"column":8},"end":{"line":30,"column":16}},"type":"cond-expr","locations":[{"start":{"line":29,"column":12},"end":{"line":29,"column":52}},{"start":{"line":30,"column":12},"end":{"line":30,"column":16}}],"line":28},"2":{"loc":{"start":{"line":43,"column":2},"end":{"line":46,"column":3}},"type":"if","locations":[{"start":{"line":43,"column":2},"end":{"line":46,"column":3}},{"start":{},"end":{}}],"line":43},"3":{"loc":{"start":{"line":50,"column":6},"end":{"line":50,"column":58}},"type":"cond-expr","locations":[{"start":{"line":50,"column":30},"end":{"line":50,"column":51}},{"start":{"line":50,"column":54},"end":{"line":50,"column":58}}],"line":50},"4":{"loc":{"start":{"line":79,"column":0},"end":{"line":81,"column":1}},"type":"if","locations":[{"start":{"line":79,"column":0},"end":{"line":81,"column":1}},{"start":{},"end":{}}],"line":79}},"s":{"0":0,"1":0,"2":0,"3":0,"4":0,"5":0,"6":0,"7":0,"8":0,"9":0,"10":0,"11":0,"12":0,"13":0,"14":0,"15":0,"16":0,"17":0,"18":0,"19":0,"20":0,"21":0,"22":0,"23":0,"24":0,"25":0,"26":0,"27":0,"28":0,"29":0,"30":0,"31":0,"32":0},"f":{"0":0,"1":0,"2":0,"3":0,"4":0,"5":0,"6":0,"7":0,"8":0,"9":0,"10":0,"11":0,"12":0,"13":0,"14":0},"b":{"0":[0,0],"1":[0,0],"2":[0,0],"3":[0,0],"4":[0,0]}}
,"/Users/guilherme.santos01/Desktop/reactCheckpoint/src/context/wishlistContext/wishlistContext.tsx": {"path":"/Users/guilherme.santos01/Desktop/reactCheckpoint/src/context/wishlistContext/wishlistContext.tsx","statementMap":{"0":{"start":{"line":8,"column":24},"end":{"line":8,"column":81}},"1":{"start":{"line":10,"column":73},"end":{"line":22,"column":1}},"2":{"start":{"line":11,"column":44},"end":{"line":11,"column":55}},"3":{"start":{"line":13,"column":30},"end":{"line":15,"column":1}},"4":{"start":{"line":14,"column":2},"end":{"line":14,"column":38}},"5":{"start":{"line":14,"column":28},"end":{"line":14,"column":36}},"6":{"start":{"line":17,"column":0},"end":{"line":21,"column":2}},"7":{"start":{"line":24,"column":27},"end":{"line":30,"column":1}},"8":{"start":{"line":25,"column":16},"end":{"line":25,"column":43}},"9":{"start":{"line":26,"column":0},"end":{"line":28,"column":1}},"10":{"start":{"line":27,"column":2},"end":{"line":27,"column":72}},"11":{"start":{"line":29,"column":0},"end":{"line":29,"column":15}}},"fnMap":{"0":{"name":"(anonymous_0)","decl":{"start":{"line":10,"column":73},"end":{"line":10,"column":74}},"loc":{"start":{"line":10,"column":91},"end":{"line":22,"column":1}},"line":10},"1":{"name":"(anonymous_1)","decl":{"start":{"line":13,"column":30},"end":{"line":13,"column":31}},"loc":{"start":{"line":13,"column":36},"end":{"line":15,"column":1}},"line":13},"2":{"name":"(anonymous_2)","decl":{"start":{"line":14,"column":20},"end":{"line":14,"column":21}},"loc":{"start":{"line":14,"column":28},"end":{"line":14,"column":36}},"line":14},"3":{"name":"(anonymous_3)","decl":{"start":{"line":24,"column":27},"end":{"line":24,"column":28}},"loc":{"start":{"line":24,"column":33},"end":{"line":30,"column":1}},"line":24}},"branchMap":{"0":{"loc":{"start":{"line":26,"column":0},"end":{"line":28,"column":1}},"type":"if","locations":[{"start":{"line":26,"column":0},"end":{"line":28,"column":1}},{"start":{},"end":{}}],"line":26}},"s":{"0":0,"1":0,"2":0,"3":0,"4":0,"5":0,"6":0,"7":0,"8":0,"9":0,"10":0,"11":0},"f":{"0":0,"1":0,"2":0,"3":0},"b":{"0":[0,0]}}
,"/Users/guilherme.santos01/Desktop/reactCheckpoint/src/pages/homePage/homePage.tsx": {"path":"/Users/guilherme.santos01/Desktop/reactCheckpoint/src/pages/homePage/homePage.tsx","statementMap":{"0":{"start":{"line":6,"column":23},"end":{"line":23,"column":1}},"1":{"start":{"line":7,"column":2},"end":{"line":22,"column":4}}},"fnMap":{"0":{"name":"(anonymous_0)","decl":{"start":{"line":6,"column":23},"end":{"line":6,"column":24}},"loc":{"start":{"line":6,"column":29},"end":{"line":23,"column":1}},"line":6}},"branchMap":{},"s":{"0":0,"1":0},"f":{"0":0},"b":{}}
,"/Users/guilherme.santos01/Desktop/reactCheckpoint/src/pages/productsPage/productsPage.tsx": {"path":"/Users/guilherme.santos01/Desktop/reactCheckpoint/src/pages/productsPage/productsPage.tsx","statementMap":{"0":{"start":{"line":11,"column":31},"end":{"line":45,"column":1}},"1":{"start":{"line":12,"column":27},"end":{"line":12,"column":40}},"2":{"start":{"line":13,"column":53},"end":{"line":13,"column":80}},"3":{"start":{"line":14,"column":46},"end":{"line":14,"column":76}},"4":{"start":{"line":16,"column":0},"end":{"line":16,"column":84}},"5":{"start":{"line":17,"column":0},"end":{"line":17,"column":75}},"6":{"start":{"line":19,"column":0},"end":{"line":19,"column":36}},"7":{"start":{"line":19,"column":13},"end":{"line":19,"column":36}},"8":{"start":{"line":20,"column":0},"end":{"line":20,"column":62}},"9":{"start":{"line":20,"column":11},"end":{"line":20,"column":62}},"10":{"start":{"line":22,"column":0},"end":{"line":44,"column":2}},"11":{"start":{"line":27,"column":8},"end":{"line":34,"column":10}},"12":{"start":{"line":40,"column":21},"end":{"line":40,"column":45}}},"fnMap":{"0":{"name":"(anonymous_0)","decl":{"start":{"line":11,"column":31},"end":{"line":11,"column":32}},"loc":{"start":{"line":11,"column":37},"end":{"line":45,"column":1}},"line":11},"1":{"name":"(anonymous_1)","decl":{"start":{"line":26,"column":20},"end":{"line":26,"column":21}},"loc":{"start":{"line":27,"column":8},"end":{"line":34,"column":10}},"line":27},"2":{"name":"(anonymous_2)","decl":{"start":{"line":40,"column":15},"end":{"line":40,"column":16}},"loc":{"start":{"line":40,"column":21},"end":{"line":40,"column":45}},"line":40}},"branchMap":{"0":{"loc":{"start":{"line":19,"column":0},"end":{"line":19,"column":36}},"type":"if","locations":[{"start":{"line":19,"column":0},"end":{"line":19,"column":36}},{"start":{},"end":{}}],"line":19},"1":{"loc":{"start":{"line":20,"column":0},"end":{"line":20,"column":62}},"type":"if","locations":[{"start":{"line":20,"column":0},"end":{"line":20,"column":62}},{"start":{},"end":{}}],"line":20}},"s":{"0":0,"1":0,"2":0,"3":0,"4":0,"5":0,"6":0,"7":0,"8":0,"9":0,"10":0,"11":0,"12":0},"f":{"0":0,"1":0,"2":0},"b":{"0":[0,0],"1":[0,0]}}
,"/Users/guilherme.santos01/Desktop/reactCheckpoint/src/types/product.tsx": {"path":"/Users/guilherme.santos01/Desktop/reactCheckpoint/src/types/product.tsx","statementMap":{},"fnMap":{},"branchMap":{},"s":{},"f":{},"b":{}}
}
