TN:
SF:src/app.tsx
FN:11,App
FNF:1
FNH:0
FNDA:0,App
DA:12,0
LF:1
LH:0
BRF:0
BRH:0
end_of_record
TN:
SF:src/components/bestSellers/bestSellers.tsx
FN:9,(anonymous_0)
FN:18,(anonymous_1)
FN:19,(anonymous_2)
FN:30,(anonymous_3)
FN:31,(anonymous_4)
FN:48,(anonymous_5)
FN:52,(anonymous_6)
FN:58,(anonymous_7)
FN:92,(anonymous_8)
FN:105,(anonymous_9)
FNF:10
FNH:10
FNDA:25,(anonymous_0)
FNDA:12,(anonymous_1)
FNDA:12,(anonymous_2)
FNDA:21,(anonymous_3)
FNDA:6,(anonymous_4)
FNDA:2,(anonymous_5)
FNDA:2,(anonymous_6)
FNDA:2,(anonymous_7)
FNDA:36,(anonymous_8)
FNDA:1,(anonymous_9)
DA:9,1
DA:10,25
DA:11,24
DA:12,24
DA:13,24
DA:14,24
DA:18,24
DA:19,12
DA:20,12
DA:21,12
DA:22,10
DA:23,1
DA:25,7
DA:28,7
DA:29,7
DA:30,7
DA:31,21
DA:32,21
DA:35,7
DA:36,7
DA:38,4
DA:39,4
DA:41,11
DA:45,12
DA:48,24
DA:49,2
DA:52,24
DA:53,2
DA:55,2
DA:56,2
DA:58,2
DA:60,2
DA:61,2
DA:63,2
DA:66,2
DA:67,2
DA:69,2
DA:71,0
DA:76,24
DA:77,10
DA:84,14
DA:85,2
DA:88,12
DA:93,36
DA:105,1
LF:45
LH:44
BRDA:22,0,0,1
BRDA:22,0,1,7
BRDA:29,1,0,1
BRDA:29,1,1,6
BRDA:32,2,0,3
BRDA:32,2,1,18
BRDA:56,3,0,2
BRDA:56,3,1,0
BRDA:60,4,0,2
BRDA:60,4,1,0
BRDA:76,5,0,10
BRDA:76,5,1,14
BRDA:84,6,0,2
BRDA:84,6,1,12
BRF:14
BRH:12
end_of_record
TN:
SF:src/components/cartModal/cartModal.tsx
FN:12,(anonymous_0)
FN:38,(anonymous_1)
FN:47,(anonymous_2)
FN:55,(anonymous_3)
FN:63,(anonymous_4)
FNF:5
FNH:5
FNDA:10,(anonymous_0)
FNDA:5,(anonymous_1)
FNDA:1,(anonymous_2)
FNDA:1,(anonymous_3)
FNDA:1,(anonymous_4)
DA:12,1
DA:19,10
DA:21,10
DA:23,8
DA:39,5
DA:47,1
DA:55,1
DA:63,1
LF:8
LH:8
BRDA:21,0,0,2
BRDA:21,0,1,8
BRDA:33,1,0,3
BRDA:33,1,1,5
BRF:4
BRH:4
end_of_record
TN:
SF:src/components/navbar/navbar.tsx
FN:10,(anonymous_0)
FN:15,(anonymous_1)
FN:56,(anonymous_2)
FN:70,(anonymous_3)
FN:103,(anonymous_4)
FN:107,(anonymous_5)
FNF:6
FNH:4
FNDA:20,(anonymous_0)
FNDA:3,(anonymous_1)
FNDA:3,(anonymous_2)
FNDA:3,(anonymous_3)
FNDA:0,(anonymous_4)
FNDA:0,(anonymous_5)
DA:10,1
DA:11,20
DA:12,20
DA:13,20
DA:15,20
DA:17,20
DA:56,3
DA:70,3
DA:103,0
DA:107,0
LF:10
LH:8
BRDA:80,0,0,3
BRDA:80,0,1,17
BRF:2
BRH:2
end_of_record
TN:
SF:src/components/productCard/productCard.tsx
FN:17,(anonymous_0)
FN:25,(anonymous_1)
FN:34,(anonymous_2)
FN:50,(anonymous_3)
FNF:4
FNH:4
FNDA:12,(anonymous_0)
FNDA:2,(anonymous_1)
FNDA:2,(anonymous_2)
FNDA:1,(anonymous_3)
DA:17,1
DA:23,12
DA:25,12
DA:26,2
DA:27,2
DA:31,12
DA:34,2
DA:50,1
LF:8
LH:8
BRDA:44,0,0,11
BRDA:44,0,1,1
BRDA:52,1,0,1
BRDA:52,1,1,11
BRDA:58,2,0,1
BRDA:58,2,1,11
BRDA:60,3,0,1
BRDA:60,3,1,11
BRF:8
BRH:8
end_of_record
TN:
SF:src/components/productModal/productModal.tsx
FN:14,(anonymous_0)
FN:23,(anonymous_1)
FNF:2
FNH:2
FNDA:12,(anonymous_0)
FNDA:1,(anonymous_1)
DA:14,1
DA:19,12
DA:21,12
DA:23,11
DA:24,1
DA:25,1
DA:29,11
LF:7
LH:7
BRDA:21,0,0,1
BRDA:21,0,1,11
BRDA:24,1,0,1
BRDA:24,1,1,0
BRF:4
BRH:3
end_of_record
TN:
SF:src/components/wishlistModal/wishlist.tsx
FN:14,(anonymous_0)
FN:20,(anonymous_1)
FN:26,(anonymous_2)
FN:32,(anonymous_3)
FN:42,(anonymous_4)
FN:44,(anonymous_5)
FN:45,(anonymous_6)
FN:52,(anonymous_7)
FN:62,(anonymous_8)
FN:91,(anonymous_9)
FN:101,(anonymous_10)
FN:115,(anonymous_11)
FNF:12
FNH:12
FNDA:19,(anonymous_0)
FNDA:10,(anonymous_1)
FNDA:9,(anonymous_2)
FNDA:21,(anonymous_3)
FNDA:1,(anonymous_4)
FNDA:1,(anonymous_5)
FNDA:3,(anonymous_6)
FNDA:3,(anonymous_7)
FNDA:2,(anonymous_8)
FNDA:23,(anonymous_9)
FNDA:1,(anonymous_10)
FNDA:2,(anonymous_11)
DA:14,1
DA:15,19
DA:16,19
DA:17,19
DA:20,19
DA:21,10
DA:22,9
DA:26,19
DA:27,9
DA:28,9
DA:29,9
DA:30,8
DA:31,8
DA:32,21
DA:34,8
DA:37,0
DA:38,0
DA:42,19
DA:44,1
DA:45,3
DA:49,1
DA:50,1
DA:51,1
DA:52,1
DA:53,3
DA:55,1
DA:59,1
DA:62,19
DA:63,2
DA:64,2
DA:67,19
DA:69,18
DA:92,23
DA:101,1
DA:115,2
LF:35
LH:33
BRDA:21,0,0,9
BRDA:21,0,1,1
BRDA:29,1,0,8
BRDA:29,1,1,1
BRDA:50,2,0,1
BRDA:50,2,1,0
BRDA:53,3,0,1
BRDA:53,3,1,2
BRDA:67,4,0,1
BRDA:67,4,1,18
BRDA:85,5,0,10
BRDA:85,5,1,8
BRF:12
BRH:11
end_of_record
TN:
SF:src/context/cartContext/cartContext.tsx
FN:19,(anonymous_0)
FN:22,(anonymous_1)
FN:23,(anonymous_2)
FN:24,(anonymous_3)
FN:27,(anonymous_4)
FN:38,(anonymous_5)
FN:39,(anonymous_6)
FN:39,(anonymous_7)
FN:42,(anonymous_8)
FN:48,(anonymous_9)
FN:49,(anonymous_10)
FN:55,(anonymous_11)
FN:59,(anonymous_12)
FN:60,(anonymous_13)
FN:77,(anonymous_14)
FNF:15
FNH:15
FNDA:24,(anonymous_0)
FNDA:10,(anonymous_1)
FNDA:10,(anonymous_2)
FNDA:2,(anonymous_3)
FNDA:1,(anonymous_4)
FNDA:2,(anonymous_5)
FNDA:2,(anonymous_6)
FNDA:2,(anonymous_7)
FNDA:2,(anonymous_8)
FNDA:1,(anonymous_9)
FNDA:1,(anonymous_10)
FNDA:1,(anonymous_11)
FNDA:4,(anonymous_12)
FNDA:3,(anonymous_13)
FNDA:28,(anonymous_14)
DA:17,1
DA:19,1
DA:20,24
DA:22,24
DA:23,10
DA:24,10
DA:26,10
DA:27,1
DA:28,1
DA:34,9
DA:38,24
DA:39,2
DA:42,24
DA:43,2
DA:44,1
DA:45,1
DA:48,1
DA:49,1
DA:50,1
DA:55,24
DA:56,1
DA:59,24
DA:60,4
DA:63,24
DA:77,1
DA:78,28
DA:79,28
DA:80,4
DA:82,24
LF:29
LH:29
BRDA:26,0,0,1
BRDA:26,0,1,9
BRDA:28,1,0,1
BRDA:28,1,1,0
BRDA:43,2,0,1
BRDA:43,2,1,1
BRDA:50,3,0,1
BRDA:50,3,1,0
BRDA:79,4,0,4
BRDA:79,4,1,24
BRF:10
BRH:8
end_of_record
TN:
SF:src/context/wishlistContext/wishlistContext.tsx
FN:10,(anonymous_0)
FN:13,(anonymous_1)
FN:14,(anonymous_2)
FN:24,(anonymous_3)
FNF:4
FNH:4
FNDA:29,(anonymous_0)
FNDA:10,(anonymous_1)
FNDA:10,(anonymous_2)
FNDA:45,(anonymous_3)
DA:8,3
DA:10,3
DA:11,29
DA:13,29
DA:14,10
DA:17,29
DA:24,3
DA:25,45
DA:26,45
DA:27,4
DA:29,41
LF:11
LH:11
BRDA:26,0,0,4
BRDA:26,0,1,41
BRF:2
BRH:2
end_of_record
TN:
SF:src/hooks/useProducts/useProducts.tsx
FN:6,(anonymous_0)
FN:11,(anonymous_1)
FN:15,(anonymous_2)
FN:20,(anonymous_3)
FN:23,(anonymous_4)
FN:35,(anonymous_5)
FN:37,(anonymous_6)
FN:38,(anonymous_7)
FNF:8
FNH:7
FNDA:10,(anonymous_0)
FNDA:5,(anonymous_1)
FNDA:5,(anonymous_2)
FNDA:4,(anonymous_3)
FNDA:0,(anonymous_4)
FNDA:1,(anonymous_5)
FNDA:1,(anonymous_6)
FNDA:1,(anonymous_7)
DA:6,2
DA:7,10
DA:8,10
DA:9,10
DA:11,10
DA:12,5
DA:15,10
DA:16,5
DA:17,5
DA:18,4
DA:20,4
DA:23,0
DA:27,4
DA:28,4
DA:30,1
DA:31,1
DA:35,10
DA:36,1
DA:37,1
DA:38,1
DA:39,1
DA:43,1
DA:44,1
DA:48,10
LF:24
LH:23
BRDA:23,0,0,0
BRDA:23,0,1,0
BRDA:30,1,0,1
BRDA:30,1,1,0
BRDA:39,2,0,1
BRDA:39,2,1,0
BRF:6
BRH:2
end_of_record
TN:
SF:src/pages/homePage/homePage.tsx
FN:6,(anonymous_0)
FNF:1
FNH:1
FNDA:4,(anonymous_0)
DA:6,1
DA:7,4
LF:2
LH:2
BRF:0
BRH:0
end_of_record
TN:
SF:src/pages/productsPage/productsPage.tsx
FN:10,(anonymous_0)
FN:22,(anonymous_1)
FN:36,(anonymous_2)
FNF:3
FNH:3
FNDA:11,(anonymous_0)
FNDA:16,(anonymous_1)
FNDA:1,(anonymous_2)
DA:10,1
DA:11,11
DA:13,11
DA:14,11
DA:16,10
DA:17,9
DA:19,8
DA:23,16
DA:36,1
LF:9
LH:9
BRDA:16,0,0,1
BRDA:16,0,1,9
BRDA:17,1,0,1
BRDA:17,1,1,8
BRF:4
BRH:4
end_of_record
TN:
SF:src/types/product.tsx
FNF:0
FNH:0
LF:0
LH:0
BRF:0
BRH:0
end_of_record
TN:
SF:src/utils/api.ts
FN:11,(anonymous_0)
FN:22,(anonymous_1)
FNF:2
FNH:2
FNDA:2,(anonymous_0)
FNDA:3,(anonymous_1)
DA:3,3
DA:16,2
DA:17,2
DA:21,3
DA:23,3
DA:24,3
DA:26,2
DA:27,1
DA:34,1
DA:37,1
DA:38,0
DA:41,1
DA:43,2
DA:44,1
DA:47,1
LF:15
LH:14
BRDA:26,0,0,1
BRDA:26,0,1,1
BRDA:37,1,0,0
BRDA:37,1,1,1
BRDA:43,2,0,1
BRDA:43,2,1,1
BRDA:48,3,0,1
BRDA:48,3,1,0
BRF:8
BRH:6
end_of_record
TN:
SF:src/utils/storage.ts
FN:4,(anonymous_0)
FN:9,(anonymous_1)
FNF:2
FNH:0
FNDA:0,(anonymous_0)
FNDA:0,(anonymous_1)
DA:3,2
DA:5,0
DA:6,0
DA:10,0
LF:4
LH:1
BRDA:6,0,0,0
BRDA:6,0,1,0
BRF:2
BRH:0
end_of_record
TN:
SF:src/utils/testUtils.tsx
FNF:0
FNH:0
DA:3,7
DA:33,7
LF:2
LH:2
BRF:0
BRH:0
end_of_record
